TN:
SF:src/critical-css.ts
FNF:0
FNH:0
DA:1,7
LF:1
LH:1
BRF:0
BRH:0
end_of_record
TN:
SF:src/data-articles.ts
FN:320,(anonymous_0)
FN:321,(anonymous_1)
FN:323,(anonymous_2)
FN:324,(anonymous_3)
FN:326,(anonymous_4)
FN:329,(anonymous_5)
FN:333,(anonymous_6)
FNF:7
FNH:0
FNDA:0,(anonymous_0)
FNDA:0,(anonymous_1)
FNDA:0,(anonymous_2)
FNDA:0,(anonymous_3)
FNDA:0,(anonymous_4)
FNDA:0,(anonymous_5)
FNDA:0,(anonymous_6)
DA:6,9
DA:211,9
DA:320,9
DA:321,0
DA:323,9
DA:324,0
DA:326,9
DA:327,0
DA:328,0
DA:329,0
DA:330,0
DA:333,0
LF:12
LH:5
BRDA:321,0,0,0
BRDA:321,0,1,0
BRDA:327,1,0,0
BRDA:327,1,1,0
BRDA:327,2,0,0
BRDA:327,2,1,0
BRDA:330,3,0,0
BRDA:330,3,1,0
BRDA:330,3,2,0
BRDA:330,3,3,0
BRF:10
BRH:0
end_of_record
TN:
SF:src/data-modules.ts
FNF:0
FNH:0
DA:8,7
DA:27,7
DA:38,7
DA:56,7
DA:69,7
DA:118,7
DA:127,7
DA:135,7
DA:141,7
DA:148,7
DA:156,7
DA:163,7
DA:171,7
DA:178,7
DA:188,7
DA:224,7
DA:248,7
DA:259,7
DA:267,7
DA:297,7
DA:305,7
DA:313,7
DA:320,7
DA:328,7
DA:339,7
DA:363,7
DA:390,7
DA:415,7
DA:499,7
DA:506,7
DA:546,7
DA:593,7
DA:602,7
LF:33
LH:33
BRF:0
BRH:0
end_of_record
TN:
SF:src/data.ts
FNF:0
FNH:0
DA:4,7
DA:27,7
DA:38,7
DA:82,7
DA:91,7
DA:103,7
DA:167,7
DA:177,7
DA:215,7
DA:240,7
DA:279,7
DA:286,7
DA:292,7
DA:298,7
DA:304,7
DA:332,7
DA:344,7
DA:352,7
DA:368,7
DA:379,7
DA:391,7
DA:399,7
DA:408,7
DA:416,7
LF:24
LH:24
BRF:0
BRH:0
end_of_record
TN:
SF:src/rag.ts
FNF:0
FNH:0
DA:7,7
LF:1
LH:1
BRF:0
BRH:0
end_of_record
TN:
SF:src/seo.ts
FN:53,(anonymous_0)
FN:61,(anonymous_1)
FN:91,(anonymous_2)
FN:122,(anonymous_3)
FN:123,(anonymous_4)
FN:168,(anonymous_5)
FN:198,(anonymous_6)
FN:222,(anonymous_7)
FN:237,(anonymous_8)
FN:256,(anonymous_9)
FN:272,(anonymous_10)
FN:292,(anonymous_11)
FN:312,escapeXml
FN:321,(anonymous_13)
FN:378,(anonymous_14)
FN:421,(anonymous_15)
FN:426,(anonymous_16)
FN:440,(anonymous_17)
FNF:18
FNH:9
FNDA:3,(anonymous_0)
FNDA:5,(anonymous_1)
FNDA:2,(anonymous_2)
FNDA:4,(anonymous_3)
FNDA:23,(anonymous_4)
FNDA:0,(anonymous_5)
FNDA:0,(anonymous_6)
FNDA:0,(anonymous_7)
FNDA:0,(anonymous_8)
FNDA:0,(anonymous_9)
FNDA:1,(anonymous_10)
FNDA:1,(anonymous_11)
FNDA:117,escapeXml
FNDA:2,(anonymous_13)
FNDA:0,(anonymous_14)
FNDA:0,(anonymous_15)
FNDA:0,(anonymous_16)
FNDA:0,(anonymous_17)
DA:8,10
DA:9,10
DA:53,10
DA:54,3
DA:55,3
DA:56,3
DA:57,3
DA:61,10
DA:62,5
DA:63,5
DA:66,5
DA:67,5
DA:68,5
DA:69,5
DA:73,5
DA:74,55
DA:79,5
DA:80,3
DA:83,5
DA:91,10
DA:92,2
DA:93,2
DA:94,2
DA:96,2
DA:101,3
DA:102,3
DA:104,2
DA:114,2
DA:122,10
DA:123,4
DA:124,23
DA:129,23
DA:130,23
DA:133,23
DA:134,23
DA:135,23
DA:148,4
DA:168,10
DA:198,10
DA:222,10
DA:237,10
DA:256,10
DA:272,10
DA:292,10
DA:313,117
DA:321,10
DA:322,2
DA:323,2
DA:324,2
DA:378,10
DA:382,0
DA:383,0
DA:421,10
DA:423,0
DA:426,0
DA:440,10
LF:56
LH:52
BRDA:54,0,0,3
BRDA:54,0,1,2
BRDA:54,0,2,0
BRDA:55,1,0,0
BRDA:55,1,1,3
BRDA:57,2,0,0
BRDA:57,2,1,3
BRDA:61,3,0,5
BRDA:91,4,0,2
BRDA:101,5,0,3
BRDA:101,5,1,0
BRDA:102,6,0,1
BRDA:102,6,1,2
BRDA:102,7,0,3
BRDA:102,7,1,3
BRDA:122,8,0,4
BRDA:129,9,0,23
BRDA:129,9,1,0
BRDA:130,10,0,0
BRDA:130,10,1,23
BRDA:133,11,0,23
BRDA:133,11,1,0
BRDA:134,12,0,23
BRDA:134,12,1,0
BRDA:143,13,0,23
BRDA:143,13,1,0
BRDA:144,14,0,0
BRDA:144,14,1,23
BRDA:260,15,0,0
BRDA:260,15,1,0
BRDA:261,16,0,0
BRDA:261,16,1,0
BRDA:266,17,0,0
BRDA:266,17,1,0
BRDA:266,18,0,0
BRDA:266,18,1,0
BRDA:267,19,0,0
BRDA:267,19,1,0
BRDA:268,20,0,0
BRDA:268,20,1,0
BRDA:279,21,0,1
BRDA:279,21,1,0
BRDA:323,22,0,0
BRDA:323,22,1,2
BRDA:324,23,0,1
BRDA:324,23,1,1
BRDA:390,24,0,0
BRDA:390,24,1,0
BRDA:392,25,0,0
BRDA:392,25,1,0
BRDA:396,26,0,0
BRDA:396,26,1,0
BRDA:407,27,0,0
BRDA:407,27,1,0
BRDA:408,28,0,0
BRDA:408,28,1,0
BRDA:430,29,0,0
BRDA:430,29,1,0
BRF:58
BRH:22
end_of_record
TN:
SF:src/ai/client.ts
FN:66,(anonymous_0)
FN:74,(anonymous_1)
FN:85,(anonymous_2)
FN:100,(anonymous_3)
FN:150,(anonymous_4)
FN:173,(anonymous_5)
FNF:6
FNH:0
FNDA:0,(anonymous_0)
FNDA:0,(anonymous_1)
FNDA:0,(anonymous_2)
FNDA:0,(anonymous_3)
FNDA:0,(anonymous_4)
FNDA:0,(anonymous_5)
DA:66,7
DA:67,0
DA:74,7
DA:85,7
DA:89,0
DA:90,0
DA:91,0
DA:93,0
DA:94,0
DA:96,0
DA:97,0
DA:100,7
DA:110,0
DA:112,0
DA:115,0
DA:127,0
DA:128,0
DA:130,0
DA:150,7
DA:156,0
DA:162,0
DA:173,7
DA:179,0
DA:180,0
DA:182,0
DA:183,0
LF:26
LH:6
BRDA:89,0,0,0
BRDA:89,0,1,0
BRDA:91,1,0,0
BRDA:91,1,1,0
BRDA:93,2,0,0
BRDA:93,2,1,0
BRDA:93,3,0,0
BRDA:93,3,1,0
BRDA:96,4,0,0
BRDA:96,4,1,0
BRDA:107,5,0,0
BRDA:108,6,0,0
BRDA:112,7,0,0
BRDA:112,7,1,0
BRDA:154,8,0,0
BRDA:177,9,0,0
BRDA:182,10,0,0
BRDA:182,10,1,0
BRDA:182,11,0,0
BRDA:182,11,1,0
BRF:20
BRH:0
end_of_record
TN:
SF:src/ai/json-schema.ts
FN:8,(anonymous_0)
FN:10,(anonymous_1)
FN:38,(anonymous_2)
FN:71,(anonymous_3)
FN:84,(anonymous_4)
FN:85,(anonymous_5)
FN:87,(anonymous_6)
FNF:7
FNH:0
FNDA:0,(anonymous_0)
FNDA:0,(anonymous_1)
FNDA:0,(anonymous_2)
FNDA:0,(anonymous_3)
FNDA:0,(anonymous_4)
FNDA:0,(anonymous_5)
FNDA:0,(anonymous_6)
DA:8,7
DA:9,0
DA:10,0
DA:11,0
DA:12,0
DA:13,0
DA:14,0
DA:16,0
DA:17,0
DA:18,0
DA:20,0
DA:21,0
DA:23,0
DA:24,0
DA:25,0
DA:28,0
DA:31,0
DA:32,0
DA:33,0
DA:34,0
DA:36,0
DA:37,0
DA:38,0
DA:39,0
DA:42,0
DA:43,0
DA:44,0
DA:45,0
DA:47,0
DA:48,0
DA:51,0
DA:52,0
DA:53,0
DA:56,0
DA:57,0
DA:58,0
DA:59,0
DA:61,0
DA:62,0
DA:63,0
DA:67,0
DA:68,0
DA:71,7
DA:72,0
DA:73,0
DA:74,0
DA:76,0
DA:77,0
DA:78,0
DA:79,0
DA:80,0
DA:84,7
DA:85,0
DA:87,7
DA:88,0
DA:89,0
DA:90,0
DA:91,0
DA:93,0
DA:94,0
DA:95,0
DA:96,0
LF:62
LH:4
BRDA:8,0,0,0
BRDA:11,1,0,0
BRDA:11,1,1,0
BRDA:12,2,0,0
BRDA:12,2,1,0
BRDA:12,3,0,0
BRDA:12,3,1,0
BRDA:12,3,2,0
BRDA:17,4,0,0
BRDA:17,4,1,0
BRDA:18,5,0,0
BRDA:18,5,1,0
BRDA:20,6,0,0
BRDA:20,6,1,0
BRDA:21,7,0,0
BRDA:21,7,1,0
BRDA:23,8,0,0
BRDA:23,8,1,0
BRDA:25,9,0,0
BRDA:25,9,1,0
BRDA:31,10,0,0
BRDA:31,10,1,0
BRDA:32,11,0,0
BRDA:32,11,1,0
BRDA:36,12,0,0
BRDA:36,12,1,0
BRDA:36,13,0,0
BRDA:36,13,1,0
BRDA:37,14,0,0
BRDA:37,14,1,0
BRDA:37,15,0,0
BRDA:37,15,1,0
BRDA:38,16,0,0
BRDA:38,16,1,0
BRDA:42,17,0,0
BRDA:42,17,1,0
BRDA:43,18,0,0
BRDA:43,18,1,0
BRDA:47,19,0,0
BRDA:47,19,1,0
BRDA:47,20,0,0
BRDA:47,20,1,0
BRDA:51,21,0,0
BRDA:51,21,1,0
BRDA:52,22,0,0
BRDA:52,22,1,0
BRDA:56,23,0,0
BRDA:56,23,1,0
BRDA:56,24,0,0
BRDA:56,24,1,0
BRDA:57,25,0,0
BRDA:57,25,1,0
BRDA:57,26,0,0
BRDA:57,26,1,0
BRDA:61,27,0,0
BRDA:61,27,1,0
BRDA:61,28,0,0
BRDA:61,28,1,0
BRDA:62,29,0,0
BRDA:62,29,1,0
BRDA:62,30,0,0
BRDA:62,30,1,0
BRDA:63,31,0,0
BRDA:63,31,1,0
BRDA:63,32,0,0
BRDA:63,32,1,0
BRDA:77,33,0,0
BRDA:77,33,1,0
BRDA:79,34,0,0
BRDA:79,34,1,0
BRDA:85,35,0,0
BRDA:85,35,1,0
BRDA:88,36,0,0
BRDA:88,36,1,0
BRDA:90,37,0,0
BRDA:90,37,1,0
BRDA:93,38,0,0
BRDA:93,38,1,0
BRDA:93,39,0,0
BRDA:93,39,1,0
BRDA:94,40,0,0
BRDA:94,40,1,0
BRDA:94,41,0,0
BRDA:94,41,1,0
BRDA:95,42,0,0
BRDA:95,42,1,0
BRF:86
BRH:0
end_of_record
TN:
SF:src/ai/providers.ts
FN:143,(anonymous_0)
FN:176,(anonymous_1)
FN:185,(anonymous_2)
FN:187,(anonymous_3)
FN:190,(anonymous_4)
FN:192,(anonymous_5)
FN:200,(anonymous_6)
FN:213,(anonymous_7)
FN:214,(anonymous_8)
FN:219,sseLines
FN:264,(anonymous_10)
FN:277,(anonymous_11)
FN:303,(anonymous_12)
FN:304,(anonymous_13)
FN:325,(anonymous_14)
FN:402,(anonymous_15)
FN:448,(anonymous_16)
FN:526,(anonymous_17)
FN:558,(anonymous_18)
FN:572,(anonymous_19)
FN:586,(anonymous_20)
FN:599,(anonymous_21)
FN:641,(anonymous_22)
FN:657,(anonymous_23)
FN:678,(anonymous_24)
FN:718,(anonymous_25)
FNF:26
FNH:0
FNDA:0,(anonymous_0)
FNDA:0,(anonymous_1)
FNDA:0,(anonymous_2)
FNDA:0,(anonymous_3)
FNDA:0,(anonymous_4)
FNDA:0,(anonymous_5)
FNDA:0,(anonymous_6)
FNDA:0,(anonymous_7)
FNDA:0,(anonymous_8)
FNDA:0,sseLines
FNDA:0,(anonymous_10)
FNDA:0,(anonymous_11)
FNDA:0,(anonymous_12)
FNDA:0,(anonymous_13)
FNDA:0,(anonymous_14)
FNDA:0,(anonymous_15)
FNDA:0,(anonymous_16)
FNDA:0,(anonymous_17)
FNDA:0,(anonymous_18)
FNDA:0,(anonymous_19)
FNDA:0,(anonymous_20)
FNDA:0,(anonymous_21)
FNDA:0,(anonymous_22)
FNDA:0,(anonymous_23)
FNDA:0,(anonymous_24)
FNDA:0,(anonymous_25)
DA:36,7
DA:47,7
DA:144,0
DA:153,0
DA:154,0
DA:156,0
DA:157,0
DA:176,7
DA:183,7
DA:185,7
DA:186,0
DA:187,0
DA:188,0
DA:189,0
DA:190,0
DA:192,0
DA:200,7
DA:201,0
DA:202,0
DA:204,0
DA:205,0
DA:207,0
DA:208,0
DA:210,0
DA:213,7
DA:214,0
DA:215,0
DA:220,0
DA:221,0
DA:222,0
DA:223,0
DA:225,0
DA:226,0
DA:227,0
DA:228,0
DA:229,0
DA:231,0
DA:232,0
DA:234,0
DA:264,7
DA:265,0
DA:266,0
DA:270,0
DA:271,0
DA:274,7
DA:278,0
DA:279,0
DA:280,0
DA:296,0
DA:298,0
DA:302,0
DA:303,0
DA:304,0
DA:307,0
DA:309,0
DA:319,0
DA:321,0
DA:326,0
DA:327,0
DA:328,0
DA:345,0
DA:347,0
DA:349,0
DA:350,0
DA:351,0
DA:352,0
DA:355,0
DA:356,0
DA:358,0
DA:361,0
DA:362,0
DA:363,0
DA:364,0
DA:365,0
DA:370,0
DA:371,0
DA:372,0
DA:379,0
DA:380,0
DA:381,0
DA:382,0
DA:386,0
DA:388,0
DA:390,0
DA:399,7
DA:403,0
DA:404,0
DA:405,0
DA:423,0
DA:425,0
DA:429,0
DA:430,0
DA:432,0
DA:442,0
DA:444,0
DA:449,0
DA:450,0
DA:451,0
DA:473,0
DA:475,0
DA:477,0
DA:478,0
DA:479,0
DA:480,0
DA:481,0
DA:487,0
DA:488,0
DA:490,0
DA:493,0
DA:494,0
DA:495,0
DA:499,0
DA:500,0
DA:501,0
DA:506,0
DA:508,0
DA:510,0
DA:523,7
DA:527,0
DA:528,0
DA:529,0
DA:535,0
DA:544,0
DA:545,0
DA:547,0
DA:562,0
DA:563,0
DA:564,0
DA:572,7
DA:573,0
DA:574,0
DA:575,0
DA:576,0
DA:578,0
DA:579,0
DA:581,0
DA:583,0
DA:586,7
DA:587,0
DA:588,0
DA:589,0
DA:599,7
DA:600,0
DA:602,0
DA:603,0
DA:605,0
DA:606,0
DA:617,0
DA:618,0
DA:627,0
DA:628,0
DA:637,0
DA:641,7
DA:646,0
DA:647,0
DA:648,0
DA:653,0
DA:654,0
DA:657,7
DA:662,0
DA:663,0
DA:664,0
DA:669,0
DA:670,0
DA:678,7
DA:691,0
DA:692,0
DA:693,0
DA:703,0
DA:712,0
DA:713,0
DA:718,7
DA:719,0
DA:720,0
DA:721,0
LF:175
LH:18
BRDA:154,0,0,0
BRDA:188,1,0,0
BRDA:188,1,1,0
BRDA:189,2,0,0
BRDA:189,2,1,0
BRDA:201,3,0,0
BRDA:201,3,1,0
BRDA:201,4,0,0
BRDA:201,4,1,0
BRDA:204,5,0,0
BRDA:204,5,1,0
BRDA:207,6,0,0
BRDA:207,6,1,0
BRDA:221,7,0,0
BRDA:221,7,1,0
BRDA:227,8,0,0
BRDA:227,8,1,0
BRDA:231,9,0,0
BRDA:231,9,1,0
BRDA:234,10,0,0
BRDA:234,10,1,0
BRDA:265,11,0,0
BRDA:265,11,1,0
BRDA:267,12,0,0
BRDA:267,12,1,0
BRDA:268,13,0,0
BRDA:268,13,1,0
BRDA:269,14,0,0
BRDA:269,14,1,0
BRDA:270,15,0,0
BRDA:270,15,1,0
BRDA:271,16,0,0
BRDA:271,16,1,0
BRDA:271,17,0,0
BRDA:271,17,1,0
BRDA:290,18,0,0
BRDA:290,18,1,0
BRDA:291,19,0,0
BRDA:291,19,1,0
BRDA:292,20,0,0
BRDA:292,20,1,0
BRDA:296,21,0,0
BRDA:296,21,1,0
BRDA:302,22,0,0
BRDA:302,22,1,0
BRDA:303,23,0,0
BRDA:303,23,1,0
BRDA:304,24,0,0
BRDA:304,24,1,0
BRDA:307,25,0,0
BRDA:307,25,1,0
BRDA:312,26,0,0
BRDA:312,26,1,0
BRDA:313,27,0,0
BRDA:313,27,1,0
BRDA:338,28,0,0
BRDA:338,28,1,0
BRDA:339,29,0,0
BRDA:339,29,1,0
BRDA:341,30,0,0
BRDA:341,30,1,0
BRDA:345,31,0,0
BRDA:345,31,1,0
BRDA:350,32,0,0
BRDA:350,32,1,0
BRDA:352,33,0,0
BRDA:352,33,1,0
BRDA:352,34,0,0
BRDA:352,34,1,0
BRDA:362,35,0,0
BRDA:362,35,1,0
BRDA:364,36,0,0
BRDA:364,36,1,0
BRDA:365,37,0,0
BRDA:365,37,1,0
BRDA:372,38,0,0
BRDA:372,38,1,0
BRDA:380,39,0,0
BRDA:380,39,1,0
BRDA:382,40,0,0
BRDA:382,40,1,0
BRDA:414,41,0,0
BRDA:414,41,1,0
BRDA:415,42,0,0
BRDA:415,42,1,0
BRDA:416,43,0,0
BRDA:416,43,1,0
BRDA:418,44,0,0
BRDA:418,44,1,0
BRDA:423,45,0,0
BRDA:423,45,1,0
BRDA:429,46,0,0
BRDA:429,46,1,0
BRDA:430,47,0,0
BRDA:430,47,1,0
BRDA:435,48,0,0
BRDA:435,48,1,0
BRDA:436,49,0,0
BRDA:436,49,1,0
BRDA:460,50,0,0
BRDA:460,50,1,0
BRDA:461,51,0,0
BRDA:461,51,1,0
BRDA:468,52,0,0
BRDA:468,52,1,0
BRDA:473,53,0,0
BRDA:473,53,1,0
BRDA:478,54,0,0
BRDA:478,54,1,0
BRDA:480,55,0,0
BRDA:480,55,1,0
BRDA:481,56,0,0
BRDA:481,56,1,0
BRDA:494,57,0,0
BRDA:494,57,1,0
BRDA:495,58,0,0
BRDA:495,58,1,0
BRDA:499,59,0,0
BRDA:499,59,1,0
BRDA:499,60,0,0
BRDA:499,60,1,0
BRDA:500,61,0,0
BRDA:500,61,1,0
BRDA:500,62,0,0
BRDA:500,62,1,0
BRDA:528,63,0,0
BRDA:528,63,1,0
BRDA:537,64,0,0
BRDA:537,64,1,0
BRDA:540,65,0,0
BRDA:540,65,1,0
BRDA:541,66,0,0
BRDA:541,66,1,0
BRDA:544,67,0,0
BRDA:544,67,1,0
BRDA:545,68,0,0
BRDA:545,68,1,0
BRDA:573,69,0,0
BRDA:573,69,1,0
BRDA:574,70,0,0
BRDA:574,70,1,0
BRDA:575,71,0,0
BRDA:575,71,1,0
BRDA:575,72,0,0
BRDA:575,72,1,0
BRDA:578,73,0,0
BRDA:578,73,1,0
BRDA:587,74,0,0
BRDA:587,74,1,0
BRDA:588,75,0,0
BRDA:588,75,1,0
BRDA:605,76,0,0
BRDA:605,76,1,0
BRDA:605,77,0,0
BRDA:605,77,1,0
BRDA:605,77,2,0
BRDA:610,78,0,0
BRDA:610,78,1,0
BRDA:612,79,0,0
BRDA:612,79,1,0
BRDA:613,80,0,0
BRDA:613,80,1,0
BRDA:617,81,0,0
BRDA:617,81,1,0
BRDA:620,82,0,0
BRDA:620,82,1,0
BRDA:622,83,0,0
BRDA:622,83,1,0
BRDA:623,84,0,0
BRDA:623,84,1,0
BRDA:627,85,0,0
BRDA:627,85,1,0
BRDA:632,86,0,0
BRDA:632,86,1,0
BRDA:647,87,0,0
BRDA:647,87,1,0
BRDA:647,88,0,0
BRDA:647,88,1,0
BRDA:663,89,0,0
BRDA:663,89,1,0
BRDA:663,90,0,0
BRDA:663,90,1,0
BRDA:719,91,0,0
BRDA:719,91,1,0
BRDA:720,92,0,0
BRDA:720,92,1,0
BRF:186
BRH:0
end_of_record
TN:
SF:src/ai/newsroom/index.ts
FN:70,run
FN:95,(anonymous_1)
FN:97,(anonymous_2)
FN:99,(anonymous_3)
FN:101,(anonymous_4)
FN:103,(anonymous_5)
FN:105,(anonymous_6)
FN:107,(anonymous_7)
FN:109,(anonymous_8)
FN:111,(anonymous_9)
FN:113,(anonymous_10)
FN:115,(anonymous_11)
FN:117,(anonymous_12)
FN:119,(anonymous_13)
FN:121,(anonymous_14)
FN:123,(anonymous_15)
FN:125,(anonymous_16)
FN:127,(anonymous_17)
FN:129,(anonymous_18)
FN:131,(anonymous_19)
FN:133,(anonymous_20)
FN:135,(anonymous_21)
FN:137,(anonymous_22)
FN:139,(anonymous_23)
FN:141,(anonymous_24)
FN:143,(anonymous_25)
FN:145,(anonymous_26)
FNF:27
FNH:0
FNDA:0,run
FNDA:0,(anonymous_1)
FNDA:0,(anonymous_2)
FNDA:0,(anonymous_3)
FNDA:0,(anonymous_4)
FNDA:0,(anonymous_5)
FNDA:0,(anonymous_6)
FNDA:0,(anonymous_7)
FNDA:0,(anonymous_8)
FNDA:0,(anonymous_9)
FNDA:0,(anonymous_10)
FNDA:0,(anonymous_11)
FNDA:0,(anonymous_12)
FNDA:0,(anonymous_13)
FNDA:0,(anonymous_14)
FNDA:0,(anonymous_15)
FNDA:0,(anonymous_16)
FNDA:0,(anonymous_17)
FNDA:0,(anonymous_18)
FNDA:0,(anonymous_19)
FNDA:0,(anonymous_20)
FNDA:0,(anonymous_21)
FNDA:0,(anonymous_22)
FNDA:0,(anonymous_23)
FNDA:0,(anonymous_24)
FNDA:0,(anonymous_25)
FNDA:0,(anonymous_26)
DA:57,7
DA:75,0
DA:78,0
DA:79,0
DA:82,0
DA:92,0
DA:95,7
DA:97,7
DA:99,7
DA:101,7
DA:103,7
DA:105,7
DA:107,7
DA:109,7
DA:111,7
DA:113,7
DA:115,7
DA:117,7
DA:119,7
DA:121,7
DA:123,7
DA:125,7
DA:127,7
DA:129,7
DA:131,7
DA:133,7
DA:135,7
DA:137,7
DA:139,7
DA:141,7
DA:143,7
DA:145,7
DA:148,7
LF:33
LH:28
BRDA:78,0,0,0
BRDA:78,0,1,0
BRDA:78,1,0,0
BRDA:78,1,1,0
BRDA:78,1,2,0
BRDA:95,2,0,0
BRDA:95,2,1,0
BRF:7
BRH:0
end_of_record
TN:
SF:src/ai/prompts/comments-moderator.ts
FNF:0
FNH:0
DA:3,7
LF:1
LH:1
BRF:0
BRH:0
end_of_record
TN:
SF:src/ai/prompts/fact-checker.ts
FNF:0
FNH:0
DA:3,7
LF:1
LH:1
BRF:0
BRH:0
end_of_record
TN:
SF:src/ai/prompts/headline-generator.ts
FNF:0
FNH:0
DA:3,7
LF:1
LH:1
BRF:0
BRH:0
end_of_record
TN:
SF:src/ai/prompts/image-prompt-generator.ts
FNF:0
FNH:0
DA:3,7
LF:1
LH:1
BRF:0
BRH:0
end_of_record
TN:
SF:src/ai/prompts/index.ts
FN:35,(anonymous_0)
FN:35,(anonymous_1)
FNF:2
FNH:0
FNDA:0,(anonymous_0)
FNDA:0,(anonymous_1)
DA:17,7
DA:35,7
LF:2
LH:2
BRF:0
BRH:0
end_of_record
TN:
SF:src/ai/prompts/lead-writer.ts
FNF:0
FNH:0
DA:3,7
LF:1
LH:1
BRF:0
BRH:0
end_of_record
TN:
SF:src/ai/prompts/newsletter-blurb.ts
FNF:0
FNH:0
DA:3,7
LF:1
LH:1
BRF:0
BRH:0
end_of_record
TN:
SF:src/ai/prompts/plain-language.ts
FNF:0
FNH:0
DA:3,7
LF:1
LH:1
BRF:0
BRH:0
end_of_record
TN:
SF:src/ai/prompts/push-notification.ts
FNF:0
FNH:0
DA:3,7
LF:1
LH:1
BRF:0
BRH:0
end_of_record
TN:
SF:src/ai/prompts/quote-extractor.ts
FNF:0
FNH:0
DA:3,7
LF:1
LH:1
BRF:0
BRH:0
end_of_record
TN:
SF:src/ai/prompts/seo-meta.ts
FNF:0
FNH:0
DA:3,7
LF:1
LH:1
BRF:0
BRH:0
end_of_record
TN:
SF:src/ai/prompts/social-snippets.ts
FNF:0
FNH:0
DA:3,7
LF:1
LH:1
BRF:0
BRH:0
end_of_record
TN:
SF:src/ai/prompts/summary-tldr.ts
FNF:0
FNH:0
DA:3,7
LF:1
LH:1
BRF:0
BRH:0
end_of_record
TN:
SF:src/ai/prompts/tags-classifier.ts
FNF:0
FNH:0
DA:3,7
LF:1
LH:1
BRF:0
BRH:0
end_of_record
TN:
SF:src/ai/prompts/tone-rewriter.ts
FNF:0
FNH:0
DA:3,7
LF:1
LH:1
BRF:0
BRH:0
end_of_record
TN:
SF:src/ai/prompts/translate-pl-en.ts
FNF:0
FNH:0
DA:3,7
LF:1
LH:1
BRF:0
BRH:0
end_of_record
TN:
SF:src/ai/prompts/types.ts
FN:28,(anonymous_0)
FNF:1
FNH:1
FNDA:105,(anonymous_0)
DA:28,105
LF:1
LH:1
BRF:0
BRH:0
end_of_record
TN:
SF:src/ai/rag/embedder.ts
FN:51,(anonymous_0)
FN:53,(anonymous_1)
FN:54,(anonymous_2)
FN:55,(anonymous_3)
FN:59,(anonymous_4)
FN:69,(anonymous_5)
FN:114,(anonymous_6)
FNF:7
FNH:0
FNDA:0,(anonymous_0)
FNDA:0,(anonymous_1)
FNDA:0,(anonymous_2)
FNDA:0,(anonymous_3)
FNDA:0,(anonymous_4)
FNDA:0,(anonymous_5)
FNDA:0,(anonymous_6)
DA:48,7
DA:49,7
DA:51,7
DA:53,7
DA:54,0
DA:55,0
DA:59,7
DA:60,0
DA:61,0
DA:62,0
DA:63,0
DA:64,0
DA:66,0
DA:69,7
DA:74,0
DA:75,0
DA:78,0
DA:84,0
DA:85,0
DA:93,0
DA:94,0
DA:96,0
DA:97,0
DA:98,0
DA:99,0
DA:107,0
DA:111,0
DA:112,0
DA:114,0
DA:117,0
LF:30
LH:6
BRDA:54,0,0,0
BRDA:54,0,1,0
BRDA:72,1,0,0
BRDA:74,2,0,0
BRDA:74,2,1,0
BRDA:84,3,0,0
BRDA:84,3,1,0
BRDA:93,4,0,0
BRDA:93,4,1,0
BRDA:94,5,0,0
BRDA:94,5,1,0
BRDA:111,6,0,0
BRDA:111,6,1,0
BRDA:111,7,0,0
BRDA:111,7,1,0
BRDA:112,8,0,0
BRDA:112,8,1,0
BRDA:119,9,0,0
BRDA:119,9,1,0
BRF:19
BRH:0
end_of_record
TN:
SF:src/ai/rag/vector-store.ts
FN:21,(anonymous_0)
FN:39,(anonymous_1)
FN:53,(anonymous_2)
FN:55,(anonymous_3)
FN:74,(anonymous_4)
FN:120,(anonymous_5)
FN:131,(anonymous_6)
FN:147,(anonymous_7)
FN:167,(anonymous_8)
FN:178,(anonymous_9)
FN:183,(anonymous_10)
FN:188,(anonymous_11)
FN:195,(anonymous_12)
FN:214,(anonymous_13)
FN:223,(anonymous_14)
FN:227,(anonymous_15)
FN:231,(anonymous_16)
FN:233,(anonymous_17)
FN:238,(anonymous_18)
FN:240,(anonymous_19)
FN:251,(anonymous_20)
FN:263,(anonymous_21)
FN:275,(anonymous_22)
FN:276,(anonymous_23)
FNF:24
FNH:6
FNDA:4,(anonymous_0)
FNDA:4,(anonymous_1)
FNDA:0,(anonymous_2)
FNDA:0,(anonymous_3)
FNDA:3,(anonymous_4)
FNDA:9,(anonymous_5)
FNDA:0,(anonymous_6)
FNDA:0,(anonymous_7)
FNDA:0,(anonymous_8)
FNDA:0,(anonymous_9)
FNDA:0,(anonymous_10)
FNDA:0,(anonymous_11)
FNDA:0,(anonymous_12)
FNDA:0,(anonymous_13)
FNDA:0,(anonymous_14)
FNDA:0,(anonymous_15)
FNDA:0,(anonymous_16)
FNDA:0,(anonymous_17)
FNDA:1,(anonymous_18)
FNDA:0,(anonymous_19)
FNDA:4,(anonymous_20)
FNDA:0,(anonymous_21)
FNDA:0,(anonymous_22)
FNDA:0,(anonymous_23)
DA:21,8
DA:22,4
DA:23,4
DA:24,2
DA:25,2
DA:26,2
DA:27,2
DA:28,21
DA:29,6
DA:30,6
DA:32,15
DA:35,2
DA:36,2
DA:39,8
DA:40,4
DA:41,4
DA:42,4
DA:43,4
DA:44,4
DA:45,9
DA:46,9
DA:47,9
DA:49,4
DA:50,4
DA:53,8
DA:55,8
DA:56,0
DA:57,0
DA:58,0
DA:59,0
DA:61,0
DA:64,0
DA:65,0
DA:66,0
DA:67,0
DA:68,0
DA:70,0
DA:74,3
DA:121,9
DA:122,9
DA:123,2
DA:128,7
DA:132,0
DA:133,0
DA:145,0
DA:147,0
DA:148,0
DA:163,0
DA:165,0
DA:166,0
DA:167,0
DA:175,0
DA:179,0
DA:180,0
DA:181,0
DA:182,0
DA:183,0
DA:185,0
DA:189,0
DA:190,0
DA:195,0
DA:206,0
DA:209,0
DA:213,0
DA:214,0
DA:223,0
DA:228,0
DA:232,0
DA:233,0
DA:234,0
DA:235,0
DA:239,1
DA:240,1
DA:252,4
DA:253,2
DA:254,2
DA:255,2
DA:264,0
DA:271,0
DA:275,8
DA:276,0
LF:81
LH:38
BRDA:21,0,0,4
BRDA:23,1,0,2
BRDA:23,1,1,2
BRDA:28,2,0,6
BRDA:28,2,1,15
BRDA:28,3,0,21
BRDA:28,3,1,6
BRDA:35,4,0,2
BRDA:35,4,1,0
BRDA:36,5,0,2
BRDA:36,5,1,0
BRDA:50,6,0,2
BRDA:50,6,1,2
BRDA:56,7,0,0
BRDA:56,7,1,0
BRDA:57,8,0,0
BRDA:57,8,1,0
BRDA:64,9,0,0
BRDA:64,9,1,0
BRDA:65,10,0,0
BRDA:65,10,1,0
BRDA:66,11,0,0
BRDA:66,11,1,0
BRDA:66,12,0,0
BRDA:66,12,1,0
BRDA:66,12,2,0
BRDA:68,13,0,0
BRDA:68,13,1,0
BRDA:122,14,0,2
BRDA:122,14,1,7
BRDA:143,15,0,0
BRDA:143,15,1,0
BRDA:163,16,0,0
BRDA:163,16,1,0
BRDA:165,17,0,0
BRDA:165,17,1,0
BRDA:182,18,0,0
BRDA:182,18,1,0
BRDA:182,19,0,0
BRDA:182,19,1,0
BRDA:189,20,0,0
BRDA:189,20,1,0
BRDA:193,21,0,0
BRDA:193,21,1,0
BRDA:197,22,0,0
BRDA:197,22,1,0
BRDA:198,23,0,0
BRDA:198,23,1,0
BRDA:199,24,0,0
BRDA:199,24,1,0
BRDA:200,25,0,0
BRDA:200,25,1,0
BRDA:201,26,0,0
BRDA:201,26,1,0
BRDA:206,27,0,0
BRDA:206,27,1,0
BRDA:209,28,0,0
BRDA:209,28,1,0
BRDA:232,29,0,0
BRDA:232,29,1,0
BRDA:256,30,0,2
BRDA:256,30,1,1
BRDA:257,31,0,4
BRDA:257,31,1,1
BRDA:263,32,0,0
BRF:65
BRH:17
end_of_record
TN:
SF:src/api/v1.ts
FN:110,(anonymous_0)
FN:113,(anonymous_1)
FN:114,(anonymous_2)
FN:115,(anonymous_3)
FN:149,(anonymous_4)
FN:178,(anonymous_5)
FN:192,(anonymous_6)
FN:217,(anonymous_7)
FN:247,(anonymous_8)
FN:259,(anonymous_9)
FN:272,(anonymous_10)
FN:319,(anonymous_11)
FN:330,(anonymous_12)
FN:342,(anonymous_13)
FN:358,(anonymous_14)
FN:372,(anonymous_15)
FN:389,(anonymous_16)
FNF:17
FNH:0
FNDA:0,(anonymous_0)
FNDA:0,(anonymous_1)
FNDA:0,(anonymous_2)
FNDA:0,(anonymous_3)
FNDA:0,(anonymous_4)
FNDA:0,(anonymous_5)
FNDA:0,(anonymous_6)
FNDA:0,(anonymous_7)
FNDA:0,(anonymous_8)
FNDA:0,(anonymous_9)
FNDA:0,(anonymous_10)
FNDA:0,(anonymous_11)
FNDA:0,(anonymous_12)
FNDA:0,(anonymous_13)
FNDA:0,(anonymous_14)
FNDA:0,(anonymous_15)
FNDA:0,(anonymous_16)
DA:71,7
DA:73,7
DA:74,7
DA:75,7
DA:76,7
DA:77,7
DA:78,7
DA:79,7
DA:80,7
DA:81,7
DA:82,7
DA:83,7
DA:84,7
DA:85,7
DA:86,7
DA:87,7
DA:88,7
DA:90,7
DA:91,7
DA:92,7
DA:93,7
DA:94,7
DA:95,7
DA:96,7
DA:97,7
DA:98,7
DA:102,7
DA:103,7
DA:104,7
DA:105,7
DA:106,7
DA:110,7
DA:111,0
DA:112,0
DA:113,0
DA:114,0
DA:115,0
DA:116,0
DA:118,7
DA:119,7
DA:120,7
DA:121,7
DA:122,7
DA:126,7
DA:128,7
DA:131,7
DA:132,7
DA:134,7
DA:136,7
DA:138,7
DA:141,7
DA:142,7
DA:145,7
DA:146,7
DA:149,7
DA:150,0
DA:171,7
DA:172,7
DA:173,7
DA:174,7
DA:175,7
DA:178,7
DA:179,0
DA:192,7
DA:193,0
DA:217,7
DA:223,0
DA:225,0
DA:230,0
DA:232,0
DA:233,0
DA:236,0
DA:247,0
DA:259,7
DA:260,0
DA:272,7
DA:273,0
DA:274,0
DA:275,0
DA:277,0
DA:278,0
DA:279,0
DA:280,0
DA:282,0
DA:289,0
DA:319,7
DA:320,0
DA:321,0
DA:323,0
DA:328,0
DA:330,0
DA:331,0
DA:332,0
DA:336,0
DA:345,0
DA:348,0
DA:354,0
DA:358,7
DA:359,0
DA:360,0
DA:361,0
DA:372,7
DA:373,0
DA:374,0
DA:389,7
DA:390,0
LF:106
LH:63
BRDA:114,0,0,0
BRDA:114,0,1,0
BRDA:232,1,0,0
BRDA:232,1,1,0
BRDA:232,2,0,0
BRDA:232,2,1,0
BRDA:233,3,0,0
BRDA:233,3,1,0
BRDA:233,4,0,0
BRDA:233,4,1,0
BRDA:247,5,0,0
BRDA:247,5,1,0
BRDA:274,6,0,0
BRDA:274,6,1,0
BRDA:279,7,0,0
BRDA:279,7,1,0
BRDA:279,8,0,0
BRDA:279,8,1,0
BRDA:284,9,0,0
BRDA:284,9,1,0
BRDA:321,10,0,0
BRDA:321,10,1,0
BRDA:328,11,0,0
BRDA:328,11,1,0
BRDA:332,12,0,0
BRDA:332,12,1,0
BRDA:340,13,0,0
BRDA:340,13,1,0
BRDA:354,14,0,0
BRDA:354,14,1,0
BRDA:359,15,0,0
BRDA:359,15,1,0
BRDA:360,16,0,0
BRDA:360,16,1,0
BRDA:375,17,0,0
BRDA:375,17,1,0
BRF:36
BRH:0
end_of_record
TN:
SF:src/components/admin/index.ts
FNF:0
FNH:0
DA:1,7
DA:2,7
DA:3,7
DA:4,7
DA:5,7
DA:6,7
DA:7,7
DA:8,7
DA:9,7
DA:10,7
DA:11,7
DA:12,7
DA:13,7
DA:14,7
DA:15,7
DA:16,7
DA:17,7
DA:18,7
DA:19,7
DA:20,7
DA:21,7
DA:22,7
DA:23,7
DA:24,7
DA:25,7
DA:26,7
LF:26
LH:26
BRF:0
BRH:0
end_of_record
TN:
SF:src/components/admin/types.ts
FNF:0
FNH:0
LF:0
LH:0
BRF:0
BRH:0
end_of_record
TN:
SF:src/db/repositories/articles.ts
FN:125,(anonymous_0)
FN:131,(anonymous_1)
FN:140,(anonymous_2)
FN:148,(anonymous_3)
FN:155,(anonymous_4)
FN:157,(anonymous_5)
FN:199,(anonymous_6)
FN:207,(anonymous_7)
FN:210,(anonymous_8)
FN:230,(anonymous_9)
FN:234,(anonymous_10)
FN:256,(anonymous_11)
FN:284,(anonymous_12)
FN:286,(anonymous_13)
FN:305,(anonymous_14)
FN:314,(anonymous_15)
FN:328,(anonymous_16)
FN:335,(anonymous_17)
FN:343,(anonymous_18)
FN:352,(anonymous_19)
FN:427,(anonymous_20)
FN:449,(anonymous_21)
FN:481,(anonymous_22)
FN:529,(anonymous_23)
FN:542,(anonymous_24)
FN:544,(anonymous_25)
FN:558,(anonymous_26)
FN:573,(anonymous_27)
FN:602,(anonymous_28)
FN:604,(anonymous_29)
FN:616,(anonymous_30)
FN:629,(anonymous_31)
FN:643,(anonymous_32)
FN:660,(anonymous_33)
FN:713,(anonymous_34)
FN:740,(anonymous_35)
FN:753,(anonymous_36)
FN:794,(anonymous_37)
FN:863,(anonymous_38)
FN:879,(anonymous_39)
FN:894,(anonymous_40)
FN:960,(anonymous_41)
FN:964,(anonymous_42)
FNF:43
FNH:9
FNDA:14,(anonymous_0)
FNDA:0,(anonymous_1)
FNDA:0,(anonymous_2)
FNDA:0,(anonymous_3)
FNDA:0,(anonymous_4)
FNDA:0,(anonymous_5)
FNDA:0,(anonymous_6)
FNDA:0,(anonymous_7)
FNDA:0,(anonymous_8)
FNDA:0,(anonymous_9)
FNDA:0,(anonymous_10)
FNDA:2,(anonymous_11)
FNDA:0,(anonymous_12)
FNDA:0,(anonymous_13)
FNDA:2,(anonymous_14)
FNDA:2,(anonymous_15)
FNDA:3,(anonymous_16)
FNDA:0,(anonymous_17)
FNDA:3,(anonymous_18)
FNDA:0,(anonymous_19)
FNDA:3,(anonymous_20)
FNDA:8,(anonymous_21)
FNDA:0,(anonymous_22)
FNDA:0,(anonymous_23)
FNDA:0,(anonymous_24)
FNDA:0,(anonymous_25)
FNDA:0,(anonymous_26)
FNDA:0,(anonymous_27)
FNDA:0,(anonymous_28)
FNDA:0,(anonymous_29)
FNDA:0,(anonymous_30)
FNDA:0,(anonymous_31)
FNDA:0,(anonymous_32)
FNDA:0,(anonymous_33)
FNDA:0,(anonymous_34)
FNDA:0,(anonymous_35)
FNDA:0,(anonymous_36)
FNDA:0,(anonymous_37)
FNDA:0,(anonymous_38)
FNDA:0,(anonymous_39)
FNDA:0,(anonymous_40)
FNDA:1,(anonymous_41)
FNDA:0,(anonymous_42)
DA:125,14
DA:131,7
DA:140,7
DA:141,0
DA:145,0
DA:148,7
DA:149,0
DA:150,0
DA:151,0
DA:155,7
DA:156,0
DA:157,0
DA:158,0
DA:161,0
DA:162,0
DA:163,0
DA:164,0
DA:165,0
DA:166,0
DA:167,0
DA:168,0
DA:169,0
DA:170,0
DA:171,0
DA:172,0
DA:173,0
DA:174,0
DA:175,0
DA:176,0
DA:177,0
DA:178,0
DA:179,0
DA:180,0
DA:181,0
DA:183,0
DA:199,7
DA:200,0
DA:201,0
DA:207,0
DA:210,0
DA:211,0
DA:213,0
DA:214,0
DA:215,0
DA:218,0
DA:230,7
DA:231,0
DA:232,0
DA:234,0
DA:235,0
DA:236,0
DA:253,0
DA:256,7
DA:257,2
DA:262,2
DA:263,2
DA:264,2
DA:265,2
DA:268,0
DA:271,2
DA:284,7
DA:285,0
DA:286,0
DA:288,0
DA:289,0
DA:290,0
DA:291,0
DA:292,0
DA:302,0
DA:305,7
DA:306,2
DA:314,2
DA:321,7
DA:328,7
DA:329,3
DA:330,2
DA:331,2
DA:332,2
DA:335,7
DA:336,0
DA:340,0
DA:343,7
DA:344,3
DA:348,3
DA:352,7
DA:353,0
DA:419,7
DA:427,7
DA:428,3
DA:429,3
DA:431,3
DA:433,3
DA:437,3
DA:438,0
DA:439,0
DA:440,0
DA:443,3
DA:448,1
DA:449,8
DA:450,1
DA:452,3
DA:453,0
DA:454,0
DA:456,3
DA:457,0
DA:458,0
DA:460,3
DA:461,0
DA:462,0
DA:464,3
DA:465,0
DA:466,0
DA:468,3
DA:469,0
DA:470,0
DA:472,3
DA:473,0
DA:474,0
DA:476,3
DA:480,0
DA:481,0
DA:482,0
DA:485,3
DA:486,3
DA:487,3
DA:489,3
DA:494,3
DA:513,3
DA:529,7
DA:530,0
DA:531,0
DA:532,0
DA:535,0
DA:536,0
DA:537,0
DA:539,0
DA:540,0
DA:542,0
DA:544,0
DA:547,0
DA:548,0
DA:550,0
DA:551,0
DA:552,0
DA:554,0
DA:559,0
DA:562,0
DA:563,0
DA:573,7
DA:579,0
DA:580,0
DA:581,0
DA:582,0
DA:586,0
DA:587,0
DA:590,0
DA:591,0
DA:592,0
DA:597,0
DA:598,0
DA:599,0
DA:602,0
DA:604,0
DA:607,0
DA:610,0
DA:612,0
DA:613,0
DA:616,7
DA:617,0
DA:618,0
DA:619,0
DA:629,7
DA:630,0
DA:643,7
DA:644,0
DA:660,7
DA:666,0
DA:667,0
DA:669,0
DA:670,0
DA:671,0
DA:672,0
DA:674,0
DA:675,0
DA:676,0
DA:678,0
DA:679,0
DA:681,0
DA:685,0
DA:687,0
DA:688,0
DA:689,0
DA:692,0
DA:703,7
DA:713,7
DA:714,0
DA:725,0
DA:726,0
DA:740,7
DA:741,0
DA:750,0
DA:753,7
DA:754,0
DA:794,7
DA:801,0
DA:802,0
DA:804,0
DA:805,0
DA:806,0
DA:808,0
DA:813,0
DA:836,0
DA:860,0
DA:863,7
DA:864,0
DA:876,0
DA:879,7
DA:884,0
DA:894,7
DA:900,0
DA:901,0
DA:903,0
DA:904,0
DA:906,0
DA:908,0
DA:909,0
DA:911,0
DA:930,0
DA:931,0
DA:932,0
DA:933,0
DA:934,0
DA:935,0
DA:938,0
DA:939,0
DA:940,0
DA:941,0
DA:945,0
DA:946,0
DA:951,0
DA:953,0
DA:960,7
DA:961,1
DA:964,7
DA:965,0
DA:968,0
DA:969,0
DA:970,0
DA:973,7
LF:249
LH:71
BRDA:131,0,0,0
BRDA:131,0,1,0
BRDA:131,1,0,0
BRDA:131,1,1,0
BRDA:145,2,0,0
BRDA:145,2,1,0
BRDA:149,3,0,0
BRDA:149,3,1,0
BRDA:151,4,0,0
BRDA:151,4,1,0
BRDA:158,5,0,0
BRDA:158,5,1,0
BRDA:166,6,0,0
BRDA:166,6,1,0
BRDA:177,7,0,0
BRDA:177,7,1,0
BRDA:200,8,0,0
BRDA:200,8,1,0
BRDA:207,9,0,0
BRDA:207,9,1,0
BRDA:207,10,0,0
BRDA:207,10,1,0
BRDA:210,11,0,0
BRDA:210,11,1,0
BRDA:211,12,0,0
BRDA:211,12,1,0
BRDA:215,13,0,0
BRDA:215,13,1,0
BRDA:246,14,0,0
BRDA:246,14,1,0
BRDA:248,15,0,0
BRDA:248,15,1,0
BRDA:263,16,0,2
BRDA:263,16,1,0
BRDA:290,17,0,0
BRDA:290,17,1,0
BRDA:314,18,0,2
BRDA:314,18,1,0
BRDA:329,19,0,1
BRDA:329,19,1,2
BRDA:335,20,0,0
BRDA:337,21,0,0
BRDA:337,21,1,0
BRDA:343,22,0,3
BRDA:345,23,0,0
BRDA:345,23,1,3
BRDA:353,24,0,0
BRDA:353,24,1,0
BRDA:431,25,0,3
BRDA:431,25,1,0
BRDA:433,26,0,3
BRDA:433,26,1,0
BRDA:438,27,0,0
BRDA:438,27,1,0
BRDA:443,28,0,1
BRDA:443,28,1,2
BRDA:452,29,0,0
BRDA:452,29,1,3
BRDA:456,30,0,0
BRDA:456,30,1,3
BRDA:460,31,0,0
BRDA:460,31,1,3
BRDA:464,32,0,0
BRDA:464,32,1,3
BRDA:468,33,0,0
BRDA:468,33,1,3
BRDA:470,34,0,0
BRDA:470,34,1,0
BRDA:472,35,0,0
BRDA:472,35,1,3
BRDA:476,36,0,0
BRDA:476,36,1,3
BRDA:485,37,0,3
BRDA:485,37,1,0
BRDA:486,38,0,3
BRDA:486,38,1,0
BRDA:486,39,0,3
BRDA:486,39,1,0
BRDA:487,40,0,0
BRDA:487,40,1,3
BRDA:513,41,0,3
BRDA:513,41,1,0
BRDA:513,42,0,3
BRDA:513,42,1,0
BRDA:531,43,0,0
BRDA:531,43,1,0
BRDA:535,44,0,0
BRDA:535,44,1,0
BRDA:548,45,0,0
BRDA:548,45,1,0
BRDA:551,46,0,0
BRDA:551,46,1,0
BRDA:552,47,0,0
BRDA:552,47,1,0
BRDA:579,48,0,0
BRDA:579,48,1,0
BRDA:581,49,0,0
BRDA:581,49,1,0
BRDA:586,50,0,0
BRDA:586,50,1,0
BRDA:598,51,0,0
BRDA:598,51,1,0
BRDA:610,52,0,0
BRDA:610,52,1,0
BRDA:613,53,0,0
BRDA:613,53,1,0
BRDA:664,54,0,0
BRDA:669,55,0,0
BRDA:669,55,1,0
BRDA:671,56,0,0
BRDA:671,56,1,0
BRDA:674,57,0,0
BRDA:674,57,1,0
BRDA:676,58,0,0
BRDA:676,58,1,0
BRDA:678,59,0,0
BRDA:678,59,1,0
BRDA:681,60,0,0
BRDA:681,60,1,0
BRDA:681,61,0,0
BRDA:681,61,1,0
BRDA:687,62,0,0
BRDA:687,62,1,0
BRDA:725,63,0,0
BRDA:725,63,1,0
BRDA:725,64,0,0
BRDA:725,64,1,0
BRDA:750,65,0,0
BRDA:750,65,1,0
BRDA:753,66,0,0
BRDA:757,67,0,0
BRDA:757,67,1,0
BRDA:759,68,0,0
BRDA:759,68,1,0
BRDA:801,69,0,0
BRDA:801,69,1,0
BRDA:804,70,0,0
BRDA:804,70,1,0
BRDA:805,71,0,0
BRDA:805,71,1,0
BRDA:806,72,0,0
BRDA:806,72,1,0
BRDA:833,73,0,0
BRDA:833,73,1,0
BRDA:847,74,0,0
BRDA:847,74,1,0
BRDA:854,75,0,0
BRDA:854,75,1,0
BRDA:860,76,0,0
BRDA:860,76,1,0
BRDA:876,77,0,0
BRDA:876,77,1,0
BRDA:901,78,0,0
BRDA:901,78,1,0
BRDA:904,79,0,0
BRDA:904,79,1,0
BRDA:906,80,0,0
BRDA:906,80,1,0
BRDA:908,81,0,0
BRDA:908,81,1,0
BRDA:909,82,0,0
BRDA:909,82,1,0
BRDA:933,83,0,0
BRDA:933,83,1,0
BRDA:940,84,0,0
BRDA:940,84,1,0
BRDA:951,85,0,0
BRDA:951,85,1,0
BRDA:953,86,0,0
BRDA:953,86,1,0
BRDA:969,87,0,0
BRDA:969,87,1,0
BRF:172
BRH:23
end_of_record
TN:
SF:src/lib/audit.ts
FN:64,(anonymous_0)
FN:94,(anonymous_1)
FN:95,(anonymous_2)
FN:103,(anonymous_3)
FN:147,(anonymous_4)
FN:151,(anonymous_5)
FN:159,(anonymous_6)
FNF:7
FNH:4
FNDA:4,(anonymous_0)
FNDA:2,(anonymous_1)
FNDA:6,(anonymous_2)
FNDA:2,(anonymous_3)
FNDA:0,(anonymous_4)
FNDA:0,(anonymous_5)
FNDA:0,(anonymous_6)
DA:38,8
DA:64,8
DA:65,4
DA:66,3
DA:67,3
DA:68,3
DA:69,0
DA:75,0
DA:94,8
DA:95,6
DA:103,8
DA:104,2
DA:105,2
DA:107,2
DA:108,2
DA:114,2
DA:116,2
DA:142,0
DA:147,8
DA:148,0
DA:151,8
DA:152,0
DA:159,8
DA:163,0
DA:164,0
DA:165,0
DA:167,0
DA:168,0
DA:169,0
DA:170,0
DA:171,0
DA:172,0
DA:173,0
DA:174,0
DA:177,0
LF:35
LH:18
BRDA:65,0,0,1
BRDA:65,0,1,3
BRDA:68,1,0,3
BRDA:68,1,1,0
BRDA:105,2,0,0
BRDA:105,2,1,2
BRDA:125,3,0,2
BRDA:125,3,1,0
BRDA:125,4,0,2
BRDA:125,4,1,0
BRDA:128,5,0,0
BRDA:128,5,1,2
BRDA:128,6,0,2
BRDA:128,6,1,2
BRDA:129,7,0,2
BRDA:129,7,1,0
BRDA:131,8,0,2
BRDA:131,8,1,0
BRDA:132,9,0,2
BRDA:132,9,1,0
BRDA:134,10,0,2
BRDA:134,10,1,2
BRDA:135,11,0,2
BRDA:135,11,1,2
BRDA:170,12,0,0
BRDA:170,12,1,0
BRDA:171,13,0,0
BRDA:171,13,1,0
BRDA:171,14,0,0
BRDA:171,14,1,0
BRDA:171,15,0,0
BRDA:171,15,1,0
BRDA:173,16,0,0
BRDA:173,16,1,0
BRDA:174,17,0,0
BRDA:174,17,1,0
BRF:36
BRH:16
end_of_record
TN:
SF:src/lib/dates.ts
FN:3,(anonymous_0)
FN:11,(anonymous_1)
FN:16,(anonymous_2)
FN:18,(anonymous_3)
FN:23,(anonymous_4)
FNF:5
FNH:5
FNDA:36,(anonymous_0)
FNDA:15,(anonymous_1)
FNDA:1,(anonymous_2)
FNDA:1,(anonymous_3)
FNDA:2,(anonymous_4)
DA:1,11
DA:3,11
DA:4,36
DA:5,36
DA:6,36
DA:8,3
DA:9,3
DA:10,3
DA:11,15
DA:12,3
DA:13,3
DA:16,11
DA:18,11
DA:19,1
DA:20,1
DA:23,11
DA:24,2
DA:25,2
LF:18
LH:18
BRDA:4,0,0,0
BRDA:4,0,1,36
BRDA:6,1,0,33
BRDA:6,1,1,3
BRDA:9,2,0,0
BRDA:9,2,1,3
BRDA:10,3,0,3
BRDA:10,4,0,3
BRDA:12,5,0,0
BRDA:12,5,1,3
BRDA:23,6,0,2
BRF:11
BRH:8
end_of_record
TN:
SF:src/lib/performance.ts
FN:8,(anonymous_0)
FN:13,(anonymous_1)
FN:21,(anonymous_2)
FN:22,(anonymous_3)
FN:31,(anonymous_4)
FN:38,(anonymous_5)
FN:47,(anonymous_6)
FN:48,(anonymous_7)
FN:48,(anonymous_8)
FN:50,(anonymous_9)
FN:95,(anonymous_10)
FN:125,(anonymous_11)
FNF:12
FNH:7
FNDA:0,(anonymous_0)
FNDA:0,(anonymous_1)
FNDA:0,(anonymous_2)
FNDA:0,(anonymous_3)
FNDA:0,(anonymous_4)
FNDA:66,(anonymous_5)
FNDA:66,(anonymous_6)
FNDA:132,(anonymous_7)
FNDA:66,(anonymous_8)
FNDA:66,(anonymous_9)
FNDA:66,(anonymous_10)
FNDA:132,(anonymous_11)
DA:4,7
DA:5,7
DA:6,7
DA:8,7
DA:9,0
DA:10,0
DA:13,7
DA:14,0
DA:15,0
DA:17,0
DA:18,0
DA:21,7
DA:22,0
DA:23,0
DA:24,0
DA:25,0
DA:26,0
DA:28,0
DA:31,7
DA:32,0
DA:38,7
DA:39,66
DA:40,66
DA:41,15696
DA:42,15696
DA:44,66
DA:47,7
DA:48,132
DA:50,7
DA:57,66
DA:58,42
DA:59,42
DA:72,24
DA:73,18
DA:74,18
DA:77,6
DA:78,3
DA:79,3
DA:82,3
DA:83,3
DA:84,3
DA:87,0
DA:88,0
DA:89,0
DA:92,0
DA:95,7
DA:96,66
DA:97,66
DA:99,66
DA:100,66
DA:102,66
DA:103,66
DA:108,66
DA:114,66
DA:115,66
DA:116,66
DA:118,66
DA:119,66
DA:120,0
DA:121,0
DA:124,66
DA:125,132
DA:129,66
DA:130,66
LF:64
LH:45
BRDA:9,0,0,0
BRDA:9,0,1,0
BRDA:14,1,0,0
BRDA:14,1,1,0
BRDA:15,2,0,0
BRDA:15,2,1,0
BRDA:24,3,0,0
BRDA:24,3,1,0
BRDA:25,4,0,0
BRDA:25,4,1,0
BRDA:25,5,0,0
BRDA:25,5,1,0
BRDA:48,6,0,66
BRDA:48,6,1,66
BRDA:57,7,0,42
BRDA:57,7,1,24
BRDA:72,8,0,18
BRDA:72,8,1,6
BRDA:77,9,0,3
BRDA:77,9,1,3
BRDA:82,10,0,3
BRDA:82,10,1,0
BRDA:87,11,0,0
BRDA:87,11,1,0
BRDA:87,12,0,0
BRDA:87,12,1,0
BRDA:87,12,2,0
BRDA:100,13,0,0
BRDA:100,13,1,66
BRDA:108,14,0,66
BRDA:108,14,1,42
BRDA:108,14,2,42
BRDA:118,15,0,66
BRDA:118,15,1,0
BRDA:119,16,0,0
BRDA:119,16,1,66
BRDA:125,17,0,0
BRDA:125,17,1,66
BRF:38
BRH:16
end_of_record
TN:
SF:src/lib/runtime-kv.ts
FN:12,(anonymous_0)
FN:17,(anonymous_1)
FN:24,(anonymous_2)
FN:34,(anonymous_3)
FN:50,(anonymous_4)
FN:55,(anonymous_5)
FN:69,(anonymous_6)
FN:78,(anonymous_7)
FN:86,(anonymous_8)
FN:91,(anonymous_9)
FN:95,(anonymous_10)
FN:101,(anonymous_11)
FN:166,(anonymous_12)
FN:191,(anonymous_13)
FN:221,(anonymous_14)
FN:240,(anonymous_15)
FN:245,(anonymous_16)
FNF:17
FNH:15
FNDA:6311,(anonymous_0)
FNDA:2701,(anonymous_1)
FNDA:3614,(anonymous_2)
FNDA:1,(anonymous_3)
FNDA:12,(anonymous_4)
FNDA:10838,(anonymous_5)
FNDA:3,(anonymous_6)
FNDA:2711,(anonymous_7)
FNDA:6311,(anonymous_8)
FNDA:3603,(anonymous_9)
FNDA:2701,(anonymous_10)
FNDA:0,(anonymous_11)
FNDA:5,(anonymous_12)
FNDA:2701,(anonymous_13)
FNDA:2701,(anonymous_14)
FNDA:3,(anonymous_15)
FNDA:0,(anonymous_16)
DA:10,8
DA:12,8
DA:13,6311
DA:14,6311
DA:16,6311
DA:18,2701
DA:19,2701
DA:20,2701
DA:21,2701
DA:22,2701
DA:25,3614
DA:26,3614
DA:27,3614
DA:29,0
DA:32,3614
DA:35,1
DA:51,12
DA:52,12
DA:54,12
DA:55,10838
DA:59,12
DA:60,12
DA:61,5
DA:62,5
DA:69,5
DA:70,5
DA:73,12
DA:74,12
DA:75,12
DA:77,12
DA:78,2711
DA:86,8
DA:87,6311
DA:88,6311
DA:91,8
DA:92,3603
DA:95,8
DA:96,2701
DA:97,2701
DA:98,2701
DA:101,8
DA:102,0
DA:141,8
DA:144,8
DA:166,8
DA:172,5
DA:173,5
DA:175,5
DA:177,5
DA:178,5
DA:180,5
DA:181,7
DA:182,7
DA:183,0
DA:184,0
DA:187,7
DA:188,7
DA:189,7
DA:191,2701
DA:199,7
DA:200,4
DA:202,3
DA:204,3
DA:205,0
DA:206,0
DA:207,0
DA:211,7
DA:212,1
DA:213,1
DA:217,5
DA:218,5
DA:219,55
DA:220,55
DA:221,2701
DA:223,55
DA:229,2701
DA:233,55
DA:240,8
DA:241,3
DA:242,3
DA:245,8
DA:251,0
DA:252,0
LF:83
LH:74
BRDA:13,0,0,4
BRDA:13,0,1,6307
BRDA:18,1,0,2701
BRDA:18,1,1,0
BRDA:19,2,0,0
BRDA:19,2,1,2701
BRDA:20,3,0,0
BRDA:20,3,1,2701
BRDA:21,4,0,0
BRDA:21,4,1,2701
BRDA:25,5,0,3614
BRDA:25,5,1,0
BRDA:29,6,0,0
BRDA:29,6,1,0
BRDA:51,7,0,12
BRDA:51,7,1,0
BRDA:52,8,0,12
BRDA:52,8,1,0
BRDA:60,9,0,5
BRDA:60,9,1,7
BRDA:69,10,0,4
BRDA:69,10,1,1
BRDA:70,11,0,0
BRDA:70,11,1,5
BRDA:75,12,0,6
BRDA:75,12,1,6
BRDA:88,13,0,6311
BRDA:88,13,1,6311
BRDA:97,14,0,0
BRDA:97,14,1,2701
BRDA:170,15,0,5
BRDA:172,16,0,5
BRDA:172,16,1,4
BRDA:182,17,0,0
BRDA:182,17,1,7
BRDA:189,18,0,0
BRDA:189,18,1,7
BRDA:199,19,0,4
BRDA:199,19,1,3
BRDA:204,20,0,0
BRDA:204,20,1,3
BRDA:211,21,0,1
BRDA:211,21,1,6
BRDA:229,22,0,2701
BRDA:229,22,1,0
BRF:45
BRH:30
end_of_record
TN:
SF:src/lib/slugify.ts
FN:6,(anonymous_0)
FN:7,(anonymous_1)
FN:9,(anonymous_2)
FNF:3
FNH:3
FNDA:4,(anonymous_0)
FNDA:9,(anonymous_1)
FNDA:3,(anonymous_2)
DA:1,9
DA:6,9
DA:7,9
DA:9,9
DA:10,3
LF:5
LH:5
BRDA:7,0,0,9
BRDA:7,0,1,0
BRF:2
BRH:1
end_of_record
TN:
SF:src/lib/ai/usage.ts
FN:46,(anonymous_0)
FN:51,(anonymous_1)
FN:79,(anonymous_2)
FN:116,(anonymous_3)
FN:151,(anonymous_4)
FNF:5
FNH:0
FNDA:0,(anonymous_0)
FNDA:0,(anonymous_1)
FNDA:0,(anonymous_2)
FNDA:0,(anonymous_3)
FNDA:0,(anonymous_4)
DA:35,7
DA:46,7
DA:47,0
DA:48,0
DA:51,7
DA:52,0
DA:53,0
DA:54,0
DA:55,0
DA:79,7
DA:80,0
DA:81,0
DA:82,0
DA:83,0
DA:104,0
DA:116,7
DA:117,0
DA:118,0
DA:119,0
DA:121,0
DA:122,0
DA:130,0
DA:131,0
DA:139,0
DA:151,7
DA:152,0
LF:26
LH:6
BRDA:48,0,0,0
BRDA:48,0,1,0
BRDA:55,1,0,0
BRDA:55,1,1,0
BRDA:55,2,0,0
BRDA:55,2,1,0
BRDA:81,3,0,0
BRDA:81,3,1,0
BRDA:98,4,0,0
BRDA:98,4,1,0
BRDA:99,5,0,0
BRDA:99,5,1,0
BRDA:100,6,0,0
BRDA:100,6,1,0
BRDA:119,7,0,0
BRDA:119,7,1,0
BRDA:130,8,0,0
BRDA:130,8,1,0
BRDA:135,9,0,0
BRDA:135,9,1,0
BRDA:152,10,0,0
BRDA:152,10,1,0
BRF:22
BRH:0
end_of_record
TN:
SF:src/lib/auth/api-keys.ts
FN:41,(anonymous_0)
FN:69,(anonymous_1)
FN:78,(anonymous_2)
FN:102,(anonymous_3)
FN:124,(anonymous_4)
FN:134,(anonymous_5)
FN:159,(anonymous_6)
FN:181,(anonymous_7)
FNF:8
FNH:0
FNDA:0,(anonymous_0)
FNDA:0,(anonymous_1)
FNDA:0,(anonymous_2)
FNDA:0,(anonymous_3)
FNDA:0,(anonymous_4)
FNDA:0,(anonymous_5)
FNDA:0,(anonymous_6)
FNDA:0,(anonymous_7)
DA:31,7
DA:41,7
DA:42,0
DA:44,7
DA:69,7
DA:70,0
DA:71,0
DA:72,0
DA:74,0
DA:78,7
DA:89,7
DA:102,7
DA:103,0
DA:105,0
DA:106,0
DA:107,0
DA:110,0
DA:111,0
DA:115,0
DA:121,0
DA:124,7
DA:125,0
DA:126,0
DA:130,0
DA:134,7
DA:135,0
DA:136,0
DA:141,0
DA:159,7
DA:160,0
DA:162,0
DA:173,0
DA:177,0
DA:181,0
DA:183,0
DA:184,0
LF:36
LH:10
BRDA:42,0,0,0
BRDA:42,0,1,0
BRDA:72,1,0,0
BRDA:72,1,1,0
BRDA:103,2,0,0
BRDA:103,2,1,0
BRDA:111,3,0,0
BRDA:111,3,1,0
BRDA:125,4,0,0
BRDA:125,4,1,0
BRDA:130,5,0,0
BRDA:130,5,1,0
BRDA:135,6,0,0
BRDA:135,6,1,0
BRDA:141,7,0,0
BRDA:141,7,1,0
BRDA:160,8,0,0
BRDA:160,8,1,0
BRDA:160,9,0,0
BRDA:160,9,1,0
BRDA:160,9,2,0
BRDA:173,10,0,0
BRDA:173,10,1,0
BRF:23
BRH:0
end_of_record
TN:
SF:src/lib/auth/panel-session.ts
FN:73,(anonymous_0)
FN:84,(anonymous_1)
FN:96,(anonymous_2)
FN:111,(anonymous_3)
FNF:4
FNH:0
FNDA:0,(anonymous_0)
FNDA:0,(anonymous_1)
FNDA:0,(anonymous_2)
FNDA:0,(anonymous_3)
DA:49,7
DA:50,7
DA:53,7
DA:73,7
DA:74,0
DA:75,0
DA:84,7
DA:92,0
DA:93,0
DA:96,7
DA:97,0
DA:98,0
DA:111,7
DA:115,0
DA:116,0
DA:118,0
DA:119,0
DA:122,0
DA:124,0
DA:125,0
DA:126,0
DA:129,0
DA:130,0
DA:131,0
DA:141,0
DA:143,0
DA:144,0
DA:146,0
DA:147,0
DA:150,0
DA:151,0
DA:154,0
DA:160,0
LF:33
LH:7
BRDA:113,0,0,0
BRDA:116,1,0,0
BRDA:116,1,1,0
BRDA:118,2,0,0
BRDA:118,2,1,0
BRDA:119,3,0,0
BRDA:119,3,1,0
BRDA:119,4,0,0
BRDA:119,4,1,0
BRDA:122,5,0,0
BRDA:122,5,1,0
BRDA:124,6,0,0
BRDA:124,6,1,0
BRDA:126,7,0,0
BRDA:126,7,1,0
BRDA:130,8,0,0
BRDA:130,8,1,0
BRDA:141,9,0,0
BRDA:141,9,1,0
BRDA:143,10,0,0
BRDA:143,10,1,0
BRDA:144,11,0,0
BRDA:144,11,1,0
BRDA:147,12,0,0
BRDA:147,12,1,0
BRF:25
BRH:0
end_of_record
TN:
SF:src/lib/auth/roles.ts
FN:178,(anonymous_0)
FN:185,(anonymous_1)
FN:186,(anonymous_2)
FN:189,(anonymous_3)
FN:190,(anonymous_4)
FN:193,(anonymous_5)
FN:199,(anonymous_6)
FN:214,(anonymous_7)
FN:245,(anonymous_8)
FN:246,(anonymous_9)
FNF:10
FNH:2
FNDA:10,(anonymous_0)
FNDA:0,(anonymous_1)
FNDA:0,(anonymous_2)
FNDA:0,(anonymous_3)
FNDA:0,(anonymous_4)
FNDA:0,(anonymous_5)
FNDA:34,(anonymous_6)
FNDA:0,(anonymous_7)
FNDA:0,(anonymous_8)
FNDA:0,(anonymous_9)
DA:22,8
DA:31,8
DA:41,8
DA:58,8
DA:119,8
DA:178,8
DA:179,10
DA:180,10
DA:181,10
DA:185,8
DA:186,0
DA:189,8
DA:190,0
DA:193,8
DA:194,0
DA:195,0
DA:199,8
DA:200,34
DA:203,34
DA:204,34
DA:205,34
DA:206,34
DA:214,8
DA:219,0
DA:227,0
DA:228,0
DA:231,0
DA:232,0
DA:233,0
DA:237,0
DA:238,0
DA:241,0
DA:245,8
DA:246,0
LF:34
LH:20
BRDA:179,0,0,0
BRDA:179,0,1,10
BRDA:181,1,0,10
BRDA:181,1,1,0
BRDA:194,2,0,0
BRDA:194,2,1,0
BRDA:200,3,0,34
BRDA:200,3,1,0
BRDA:203,4,0,0
BRDA:203,4,1,34
BRDA:204,5,0,0
BRDA:204,5,1,34
BRDA:205,6,0,0
BRDA:205,6,1,34
BRDA:206,7,0,34
BRDA:206,7,1,0
BRDA:228,8,0,0
BRDA:228,8,1,0
BRDA:231,9,0,0
BRDA:231,9,1,0
BRDA:231,10,0,0
BRDA:231,10,1,0
BRDA:231,10,2,0
BRDA:232,11,0,0
BRDA:232,11,1,0
BRDA:237,12,0,0
BRDA:237,12,1,0
BRDA:238,13,0,0
BRDA:238,13,1,0
BRF:29
BRH:7
end_of_record
TN:
SF:src/lib/auth/store.ts
FN:88,(anonymous_0)
FN:91,(anonymous_1)
FN:93,(anonymous_2)
FN:95,(anonymous_3)
FN:107,(anonymous_4)
FN:118,(anonymous_5)
FN:125,(anonymous_6)
FN:155,(anonymous_7)
FN:178,(anonymous_8)
FN:187,(anonymous_9)
FN:204,(anonymous_10)
FN:225,(anonymous_11)
FN:241,(anonymous_12)
FN:249,(anonymous_13)
FN:258,(anonymous_14)
FN:260,(anonymous_15)
FN:281,(anonymous_16)
FN:320,(anonymous_17)
FN:332,(anonymous_18)
FN:348,(anonymous_19)
FN:366,(anonymous_20)
FN:382,(anonymous_21)
FN:400,(anonymous_22)
FN:405,(anonymous_23)
FN:411,(anonymous_24)
FN:446,(anonymous_25)
FN:485,(anonymous_26)
FNF:27
FNH:12
FNDA:9,(anonymous_0)
FNDA:6,(anonymous_1)
FNDA:3,(anonymous_2)
FNDA:96,(anonymous_3)
FNDA:3,(anonymous_4)
FNDA:0,(anonymous_5)
FNDA:0,(anonymous_6)
FNDA:4,(anonymous_7)
FNDA:4,(anonymous_8)
FNDA:3,(anonymous_9)
FNDA:3,(anonymous_10)
FNDA:0,(anonymous_11)
FNDA:0,(anonymous_12)
FNDA:0,(anonymous_13)
FNDA:0,(anonymous_14)
FNDA:0,(anonymous_15)
FNDA:10,(anonymous_16)
FNDA:0,(anonymous_17)
FNDA:0,(anonymous_18)
FNDA:0,(anonymous_19)
FNDA:0,(anonymous_20)
FNDA:11,(anonymous_21)
FNDA:0,(anonymous_22)
FNDA:0,(anonymous_23)
FNDA:0,(anonymous_24)
FNDA:0,(anonymous_25)
FNDA:3,(anonymous_26)
DA:38,8
DA:39,8
DA:42,8
DA:43,8
DA:86,8
DA:88,8
DA:89,9
DA:91,8
DA:93,8
DA:94,3
DA:95,96
DA:105,8
DA:107,8
DA:108,3
DA:109,3
DA:114,3
DA:118,8
DA:119,0
DA:120,0
DA:121,0
DA:122,0
DA:125,8
DA:126,0
DA:127,0
DA:128,0
DA:129,0
DA:155,8
DA:174,8
DA:178,8
DA:179,4
DA:180,4
DA:184,4
DA:187,8
DA:188,3
DA:189,3
DA:193,3
DA:204,8
DA:205,3
DA:206,3
DA:207,3
DA:208,3
DA:210,3
DA:218,3
DA:219,3
DA:220,0
DA:221,3
DA:225,8
DA:226,0
DA:227,0
DA:241,8
DA:242,0
DA:243,0
DA:249,8
DA:250,0
DA:251,0
DA:258,8
DA:260,8
DA:261,0
DA:262,0
DA:275,0
DA:276,0
DA:277,0
DA:281,8
DA:283,10
DA:284,0
DA:285,0
DA:286,0
DA:287,0
DA:288,0
DA:293,10
DA:294,10
DA:306,10
DA:307,10
DA:320,8
DA:321,0
DA:322,0
DA:329,0
DA:332,8
DA:333,0
DA:334,0
DA:339,0
DA:340,0
DA:341,0
DA:342,0
DA:343,0
DA:345,0
DA:348,8
DA:349,0
DA:350,0
DA:359,0
DA:366,8
DA:367,0
DA:368,0
DA:382,8
DA:383,11
DA:390,11
DA:391,10
DA:393,10
DA:394,10
DA:396,1
DA:400,8
DA:401,0
DA:402,0
DA:405,8
DA:411,8
DA:416,0
DA:417,0
DA:418,0
DA:420,0
DA:431,0
DA:446,8
DA:447,0
DA:448,0
DA:450,0
DA:451,0
DA:453,0
DA:454,0
DA:457,0
DA:458,0
DA:459,0
DA:462,0
DA:463,0
DA:465,0
DA:466,0
DA:473,0
DA:485,8
LF:126
LH:64
BRDA:91,0,0,6
BRDA:107,1,0,3
BRDA:107,2,0,3
BRDA:119,3,0,0
BRDA:119,3,1,0
BRDA:126,4,0,0
BRDA:126,4,1,0
BRDA:127,5,0,0
BRDA:127,5,1,0
BRDA:127,6,0,0
BRDA:127,6,1,0
BRDA:127,6,2,0
BRDA:127,6,3,0
BRDA:167,7,0,4
BRDA:167,7,1,0
BRDA:179,8,0,0
BRDA:179,8,1,4
BRDA:184,9,0,1
BRDA:184,9,1,3
BRDA:188,10,0,0
BRDA:188,10,1,3
BRDA:193,11,0,3
BRDA:193,11,1,0
BRDA:205,12,0,0
BRDA:205,12,1,3
BRDA:208,13,0,3
BRDA:208,13,1,0
BRDA:215,14,0,0
BRDA:215,14,1,3
BRDA:215,15,0,0
BRDA:215,15,1,3
BRDA:219,16,0,3
BRDA:219,16,1,0
BRDA:220,17,0,0
BRDA:220,17,1,0
BRDA:226,18,0,0
BRDA:226,18,1,0
BRDA:242,19,0,0
BRDA:242,19,1,0
BRDA:250,20,0,0
BRDA:250,20,1,0
BRDA:261,21,0,0
BRDA:261,21,1,0
BRDA:271,22,0,0
BRDA:271,22,1,0
BRDA:271,23,0,0
BRDA:271,23,1,0
BRDA:275,24,0,0
BRDA:275,24,1,0
BRDA:283,25,0,0
BRDA:283,25,1,10
BRDA:285,26,0,0
BRDA:285,26,1,0
BRDA:288,27,0,0
BRDA:288,27,1,0
BRDA:288,28,0,0
BRDA:288,28,1,0
BRDA:293,29,0,0
BRDA:293,29,1,10
BRDA:306,30,0,0
BRDA:306,30,1,10
BRDA:321,31,0,0
BRDA:321,31,1,0
BRDA:329,32,0,0
BRDA:329,32,1,0
BRDA:333,33,0,0
BRDA:333,33,1,0
BRDA:340,34,0,0
BRDA:340,34,1,0
BRDA:341,35,0,0
BRDA:341,35,1,0
BRDA:341,36,0,0
BRDA:341,36,1,0
BRDA:349,37,0,0
BRDA:349,37,1,0
BRDA:359,38,0,0
BRDA:359,38,1,0
BRDA:391,39,0,0
BRDA:391,39,1,10
BRDA:391,40,0,10
BRDA:391,40,1,10
BRDA:393,41,0,0
BRDA:393,41,1,10
BRDA:393,42,0,10
BRDA:393,42,1,8
BRDA:401,43,0,0
BRDA:401,43,1,0
BRDA:402,44,0,0
BRDA:402,44,1,0
BRDA:402,45,0,0
BRDA:402,45,1,0
BRDA:424,46,0,0
BRDA:424,46,1,0
BRDA:425,47,0,0
BRDA:425,47,1,0
BRDA:448,48,0,0
BRDA:448,48,1,0
BRDA:451,49,0,0
BRDA:451,49,1,0
BRDA:454,50,0,0
BRDA:454,50,1,0
BRDA:463,51,0,0
BRDA:463,51,1,0
BRDA:490,52,0,3
BRDA:490,52,1,3
BRDA:491,53,0,3
BRDA:491,53,1,3
BRDA:495,54,0,3
BRDA:495,54,1,3
BRF:109
BRH:29
end_of_record
TN:
SF:src/lib/auth/tokens.ts
FN:48,(anonymous_0)
FN:95,(anonymous_1)
FN:131,(anonymous_2)
FNF:3
FNH:1
FNDA:3,(anonymous_0)
FNDA:0,(anonymous_1)
FNDA:0,(anonymous_2)
DA:31,7
DA:48,7
DA:52,3
DA:54,3
DA:55,3
DA:56,3
DA:61,3
DA:67,3
DA:73,3
DA:95,7
DA:100,0
DA:102,0
DA:104,0
DA:110,0
DA:111,0
DA:115,0
DA:116,0
DA:118,0
DA:124,0
DA:125,0
DA:127,0
DA:131,7
DA:132,0
DA:133,0
DA:138,0
LF:25
LH:11
BRDA:52,0,0,0
BRDA:52,0,1,3
BRDA:70,1,0,3
BRDA:70,1,1,0
BRDA:100,2,0,0
BRDA:100,2,1,0
BRDA:110,3,0,0
BRDA:110,3,1,0
BRDA:110,4,0,0
BRDA:110,4,1,0
BRDA:111,5,0,0
BRDA:111,5,1,0
BRDA:111,6,0,0
BRDA:111,6,1,0
BRDA:116,7,0,0
BRDA:116,7,1,0
BRDA:116,8,0,0
BRDA:116,8,1,0
BRDA:124,9,0,0
BRDA:124,9,1,0
BRDA:125,10,0,0
BRDA:125,10,1,0
BRDA:132,11,0,0
BRDA:132,11,1,0
BRDA:138,12,0,0
BRDA:138,12,1,0
BRF:26
BRH:2
end_of_record
TN:
SF:src/lib/auth/totp.ts
FN:39,(anonymous_0)
FN:56,(anonymous_1)
FN:78,(anonymous_2)
FN:82,(anonymous_3)
FN:112,(anonymous_4)
FN:121,(anonymous_5)
FN:137,(anonymous_6)
FN:146,(anonymous_7)
FNF:8
FNH:0
FNDA:0,(anonymous_0)
FNDA:0,(anonymous_1)
FNDA:0,(anonymous_2)
FNDA:0,(anonymous_3)
FNDA:0,(anonymous_4)
FNDA:0,(anonymous_5)
FNDA:0,(anonymous_6)
FNDA:0,(anonymous_7)
DA:36,7
DA:39,7
DA:40,0
DA:41,0
DA:42,0
DA:43,0
DA:44,0
DA:45,0
DA:46,0
DA:47,0
DA:48,0
DA:51,0
DA:52,0
DA:56,7
DA:57,0
DA:58,0
DA:59,0
DA:60,0
DA:61,0
DA:62,0
DA:63,0
DA:64,0
DA:65,0
DA:66,0
DA:67,0
DA:68,0
DA:71,0
DA:78,7
DA:79,0
DA:82,7
DA:83,0
DA:84,0
DA:94,0
DA:95,0
DA:96,0
DA:97,0
DA:99,0
DA:100,0
DA:101,0
DA:106,0
DA:109,7
DA:112,7
DA:113,0
DA:121,7
DA:122,0
DA:123,0
DA:125,0
DA:126,0
DA:127,0
DA:128,0
DA:129,0
DA:130,0
DA:131,0
DA:133,0
DA:137,7
DA:138,0
DA:146,7
DA:147,0
DA:148,0
DA:149,0
DA:150,0
DA:151,0
DA:153,0
LF:63
LH:10
BRDA:51,0,0,0
BRDA:51,0,1,0
BRDA:57,1,0,0
BRDA:57,1,1,0
BRDA:63,2,0,0
BRDA:63,2,1,0
BRDA:66,3,0,0
BRDA:66,3,1,0
BRDA:112,4,0,0
BRDA:121,5,0,0
BRDA:122,6,0,0
BRDA:122,6,1,0
BRDA:123,7,0,0
BRDA:123,7,1,0
BRDA:131,8,0,0
BRDA:131,8,1,0
BRDA:137,9,0,0
BRDA:146,10,0,0
BRF:18
BRH:0
end_of_record
TN:
SF:src/lib/backup/d1-export.ts
FN:3,(anonymous_0)
FN:6,(anonymous_1)
FNF:2
FNH:0
FNDA:0,(anonymous_0)
FNDA:0,(anonymous_1)
DA:3,7
DA:4,0
DA:5,0
DA:6,0
LF:4
LH:1
BRDA:4,0,0,0
BRDA:4,0,1,0
BRDA:6,1,0,0
BRDA:6,1,1,0
BRF:4
BRH:0
end_of_record
TN:
SF:src/lib/backup/d1-import.ts
FN:3,(anonymous_0)
FN:5,(anonymous_1)
FNF:2
FNH:0
FNDA:0,(anonymous_0)
FNDA:0,(anonymous_1)
DA:3,7
DA:4,0
DA:5,0
DA:6,0
DA:7,0
DA:9,0
LF:6
LH:1
BRDA:4,0,0,0
BRDA:4,0,1,0
BRF:2
BRH:0
end_of_record
TN:
SF:src/lib/backup/encrypt.ts
FN:4,(anonymous_0)
FN:5,(anonymous_1)
FN:6,(anonymous_2)
FN:13,(anonymous_3)
FN:20,(anonymous_4)
FNF:5
FNH:0
FNDA:0,(anonymous_0)
FNDA:0,(anonymous_1)
FNDA:0,(anonymous_2)
FNDA:0,(anonymous_3)
FNDA:0,(anonymous_4)
DA:1,7
DA:2,7
DA:4,7
DA:5,7
DA:6,7
DA:7,0
DA:8,0
DA:9,0
DA:10,0
DA:13,7
DA:14,0
DA:15,0
DA:16,0
DA:17,0
DA:20,7
DA:21,0
DA:22,0
DA:23,0
DA:24,0
LF:19
LH:7
BRF:0
BRH:0
end_of_record
TN:
SF:src/lib/backup/kv-dump.ts
FN:5,(anonymous_0)
FN:10,(anonymous_1)
FNF:2
FNH:0
FNDA:0,(anonymous_0)
FNDA:0,(anonymous_1)
DA:3,0
DA:5,0
DA:6,0
DA:7,0
DA:8,0
DA:9,0
DA:10,0
DA:12,0
LF:8
LH:0
BRDA:9,0,0,0
BRDA:9,0,1,0
BRDA:10,1,0,0
BRDA:10,1,1,0
BRF:4
BRH:0
end_of_record
TN:
SF:src/lib/backup/r2-snapshot.ts
FN:7,(anonymous_0)
FN:13,(anonymous_1)
FNF:2
FNH:0
FNDA:0,(anonymous_0)
FNDA:0,(anonymous_1)
DA:3,0
DA:7,0
DA:8,0
DA:9,0
DA:10,0
DA:11,0
DA:12,0
DA:13,0
DA:15,0
LF:9
LH:0
BRDA:11,0,0,0
BRDA:11,0,1,0
BRF:2
BRH:0
end_of_record
TN:
SF:src/lib/backup/restore.ts
FN:5,(anonymous_0)
FNF:1
FNH:0
FNDA:0,(anonymous_0)
DA:5,7
DA:6,0
DA:7,0
DA:8,0
LF:4
LH:1
BRF:0
BRH:0
end_of_record
TN:
SF:src/lib/backup/schedule.ts
FN:1,(anonymous_0)
FNF:1
FNH:0
FNDA:0,(anonymous_0)
DA:1,0
LF:1
LH:0
BRF:0
BRH:0
end_of_record
TN:
SF:src/lib/content/html-to-blocks.ts
FN:64,(anonymous_0)
FN:84,(anonymous_1)
FN:116,(anonymous_2)
FN:193,(anonymous_3)
FN:194,(anonymous_4)
FN:207,(anonymous_5)
FN:211,(anonymous_6)
FN:214,(anonymous_7)
FN:225,(anonymous_8)
FN:245,(anonymous_9)
FN:257,(anonymous_10)
FN:259,(anonymous_11)
FN:260,(anonymous_12)
FN:261,(anonymous_13)
FN:269,(anonymous_14)
FN:271,(anonymous_15)
FN:272,(anonymous_16)
FN:273,(anonymous_17)
FN:276,(anonymous_18)
FN:280,(anonymous_19)
FN:301,(anonymous_20)
FN:303,(anonymous_21)
FN:304,(anonymous_22)
FN:305,(anonymous_23)
FN:325,(anonymous_24)
FN:329,(anonymous_25)
FN:336,(anonymous_26)
FN:338,(anonymous_27)
FN:339,(anonymous_28)
FN:358,(anonymous_29)
FN:370,(anonymous_30)
FN:381,(anonymous_31)
FN:418,(anonymous_32)
FN:422,(anonymous_33)
FN:422,(anonymous_34)
FN:473,(anonymous_35)
FN:493,(anonymous_36)
FN:519,(anonymous_37)
FN:525,(anonymous_38)
FN:550,(anonymous_39)
FN:565,(anonymous_40)
FN:572,(anonymous_41)
FN:604,(anonymous_42)
FN:605,(anonymous_43)
FN:605,(anonymous_44)
FN:631,(anonymous_45)
FN:633,(anonymous_46)
FNF:47
FNH:0
FNDA:0,(anonymous_0)
FNDA:0,(anonymous_1)
FNDA:0,(anonymous_2)
FNDA:0,(anonymous_3)
FNDA:0,(anonymous_4)
FNDA:0,(anonymous_5)
FNDA:0,(anonymous_6)
FNDA:0,(anonymous_7)
FNDA:0,(anonymous_8)
FNDA:0,(anonymous_9)
FNDA:0,(anonymous_10)
FNDA:0,(anonymous_11)
FNDA:0,(anonymous_12)
FNDA:0,(anonymous_13)
FNDA:0,(anonymous_14)
FNDA:0,(anonymous_15)
FNDA:0,(anonymous_16)
FNDA:0,(anonymous_17)
FNDA:0,(anonymous_18)
FNDA:0,(anonymous_19)
FNDA:0,(anonymous_20)
FNDA:0,(anonymous_21)
FNDA:0,(anonymous_22)
FNDA:0,(anonymous_23)
FNDA:0,(anonymous_24)
FNDA:0,(anonymous_25)
FNDA:0,(anonymous_26)
FNDA:0,(anonymous_27)
FNDA:0,(anonymous_28)
FNDA:0,(anonymous_29)
FNDA:0,(anonymous_30)
FNDA:0,(anonymous_31)
FNDA:0,(anonymous_32)
FNDA:0,(anonymous_33)
FNDA:0,(anonymous_34)
FNDA:0,(anonymous_35)
FNDA:0,(anonymous_36)
FNDA:0,(anonymous_37)
FNDA:0,(anonymous_38)
FNDA:0,(anonymous_39)
FNDA:0,(anonymous_40)
FNDA:0,(anonymous_41)
FNDA:0,(anonymous_42)
FNDA:0,(anonymous_43)
FNDA:0,(anonymous_44)
FNDA:0,(anonymous_45)
FNDA:0,(anonymous_46)
DA:44,7
DA:64,7
DA:65,0
DA:66,0
DA:68,0
DA:69,0
DA:70,0
DA:72,0
DA:84,7
DA:85,0
DA:86,0
DA:87,0
DA:88,0
DA:90,0
DA:91,0
DA:92,0
DA:93,0
DA:94,0
DA:96,0
DA:97,0
DA:98,0
DA:99,0
DA:100,0
DA:102,0
DA:103,0
DA:104,0
DA:116,7
DA:117,0
DA:118,0
DA:120,0
DA:121,0
DA:123,0
DA:124,0
DA:125,0
DA:126,0
DA:129,0
DA:130,0
DA:131,0
DA:135,0
DA:136,0
DA:137,0
DA:138,0
DA:140,0
DA:141,0
DA:142,0
DA:143,0
DA:146,0
DA:147,0
DA:149,0
DA:151,0
DA:152,0
DA:153,0
DA:156,0
DA:157,0
DA:158,0
DA:159,0
DA:160,0
DA:162,0
DA:163,0
DA:164,0
DA:165,0
DA:168,0
DA:169,0
DA:171,0
DA:172,0
DA:174,0
DA:175,0
DA:176,0
DA:179,0
DA:186,7
DA:193,7
DA:194,0
DA:195,0
DA:196,0
DA:197,0
DA:199,0
DA:200,0
DA:201,0
DA:203,0
DA:207,7
DA:208,0
DA:211,7
DA:212,0
DA:214,7
DA:215,0
DA:225,7
DA:227,0
DA:228,0
DA:230,0
DA:232,0
DA:233,0
DA:234,0
DA:235,0
DA:236,0
DA:245,7
DA:246,0
DA:247,0
DA:257,7
DA:258,0
DA:259,0
DA:260,0
DA:261,0
DA:269,7
DA:270,0
DA:271,0
DA:272,0
DA:273,0
DA:275,0
DA:276,0
DA:278,0
DA:279,0
DA:280,0
DA:281,0
DA:284,0
DA:285,0
DA:288,0
DA:289,0
DA:297,0
DA:301,7
DA:302,0
DA:303,0
DA:304,0
DA:305,0
DA:307,0
DA:308,0
DA:309,0
DA:310,0
DA:312,0
DA:315,0
DA:325,7
DA:326,0
DA:327,0
DA:329,0
DA:330,0
DA:331,0
DA:332,0
DA:333,0
DA:335,0
DA:336,0
DA:337,0
DA:338,0
DA:339,0
DA:340,0
DA:341,0
DA:344,0
DA:346,0
DA:347,0
DA:351,0
DA:354,0
DA:358,0
DA:359,0
DA:362,0
DA:370,7
DA:371,0
DA:373,0
DA:374,0
DA:380,0
DA:381,0
DA:382,0
DA:384,0
DA:389,0
DA:391,0
DA:396,0
DA:399,0
DA:400,0
DA:403,0
DA:404,0
DA:408,0
DA:414,0
DA:415,0
DA:416,0
DA:417,0
DA:418,0
DA:420,0
DA:421,0
DA:422,0
DA:423,0
DA:426,0
DA:428,0
DA:432,0
DA:435,0
DA:438,0
DA:441,0
DA:446,0
DA:449,0
DA:450,0
DA:451,0
DA:457,0
DA:458,0
DA:463,0
DA:472,0
DA:473,0
DA:474,0
DA:475,0
DA:476,0
DA:478,0
DA:480,0
DA:481,0
DA:485,0
DA:493,7
DA:494,0
DA:495,0
DA:496,0
DA:497,0
DA:498,0
DA:499,0
DA:500,0
DA:502,0
DA:519,7
DA:520,0
DA:521,0
DA:523,0
DA:525,0
DA:526,0
DA:527,0
DA:528,0
DA:529,0
DA:532,0
DA:550,7
DA:551,0
DA:553,0
DA:554,0
DA:555,0
DA:557,0
DA:558,0
DA:560,0
DA:561,0
DA:563,0
DA:564,0
DA:565,0
DA:566,0
DA:569,0
DA:570,0
DA:572,0
DA:574,0
DA:575,0
DA:578,0
DA:579,0
DA:580,0
DA:585,0
DA:588,0
DA:591,0
DA:593,0
DA:594,0
DA:596,0
DA:599,0
DA:601,0
DA:602,0
DA:603,0
DA:604,0
DA:605,0
DA:608,0
DA:611,0
DA:614,0
DA:618,0
DA:619,0
DA:623,0
DA:631,7
DA:632,0
DA:633,0
DA:634,0
DA:635,0
DA:639,0
DA:641,0
LF:264
LH:20
BRDA:70,0,0,0
BRDA:70,0,1,0
BRDA:70,0,2,0
BRDA:70,0,3,0
BRDA:96,1,0,0
BRDA:96,1,1,0
BRDA:97,2,0,0
BRDA:97,2,1,0
BRDA:97,3,0,0
BRDA:97,3,1,0
BRDA:103,4,0,0
BRDA:103,4,1,0
BRDA:123,5,0,0
BRDA:123,5,1,0
BRDA:125,6,0,0
BRDA:125,6,1,0
BRDA:129,7,0,0
BRDA:129,7,1,0
BRDA:131,8,0,0
BRDA:131,8,1,0
BRDA:135,9,0,0
BRDA:135,9,1,0
BRDA:137,10,0,0
BRDA:137,10,1,0
BRDA:140,11,0,0
BRDA:140,11,1,0
BRDA:142,12,0,0
BRDA:142,12,1,0
BRDA:147,13,0,0
BRDA:147,13,1,0
BRDA:151,14,0,0
BRDA:151,14,1,0
BRDA:157,15,0,0
BRDA:157,15,1,0
BRDA:159,16,0,0
BRDA:159,16,1,0
BRDA:160,17,0,0
BRDA:160,17,1,0
BRDA:162,18,0,0
BRDA:162,18,1,0
BRDA:162,19,0,0
BRDA:162,19,1,0
BRDA:169,20,0,0
BRDA:169,20,1,0
BRDA:176,21,0,0
BRDA:176,21,1,0
BRDA:195,22,0,0
BRDA:195,22,1,0
BRDA:195,23,0,0
BRDA:195,23,1,0
BRDA:197,24,0,0
BRDA:197,24,1,0
BRDA:199,25,0,0
BRDA:199,25,1,0
BRDA:201,26,0,0
BRDA:201,26,1,0
BRDA:203,27,0,0
BRDA:203,27,1,0
BRDA:212,28,0,0
BRDA:212,28,1,0
BRDA:232,29,0,0
BRDA:232,29,1,0
BRDA:233,30,0,0
BRDA:233,30,1,0
BRDA:234,31,0,0
BRDA:234,31,1,0
BRDA:235,32,0,0
BRDA:235,32,1,0
BRDA:247,33,0,0
BRDA:247,33,1,0
BRDA:271,34,0,0
BRDA:271,34,1,0
BRDA:272,35,0,0
BRDA:272,35,1,0
BRDA:275,36,0,0
BRDA:275,36,1,0
BRDA:276,37,0,0
BRDA:276,37,1,0
BRDA:278,38,0,0
BRDA:278,38,1,0
BRDA:280,39,0,0
BRDA:280,39,1,0
BRDA:281,40,0,0
BRDA:281,40,1,0
BRDA:284,41,0,0
BRDA:284,41,1,0
BRDA:288,42,0,0
BRDA:288,42,1,0
BRDA:288,43,0,0
BRDA:288,43,1,0
BRDA:307,44,0,0
BRDA:307,44,1,0
BRDA:308,45,0,0
BRDA:308,45,1,0
BRDA:310,46,0,0
BRDA:310,46,1,0
BRDA:317,47,0,0
BRDA:317,47,1,0
BRDA:318,48,0,0
BRDA:318,48,1,0
BRDA:319,49,0,0
BRDA:319,49,1,0
BRDA:319,50,0,0
BRDA:319,50,1,0
BRDA:320,51,0,0
BRDA:320,51,1,0
BRDA:320,51,2,0
BRDA:331,52,0,0
BRDA:331,52,1,0
BRDA:331,53,0,0
BRDA:331,53,1,0
BRDA:331,53,2,0
BRDA:335,54,0,0
BRDA:335,54,1,0
BRDA:336,55,0,0
BRDA:336,55,1,0
BRDA:337,56,0,0
BRDA:337,56,1,0
BRDA:340,57,0,0
BRDA:340,57,1,0
BRDA:340,58,0,0
BRDA:340,58,1,0
BRDA:346,59,0,0
BRDA:346,59,1,0
BRDA:347,60,0,0
BRDA:347,60,1,0
BRDA:359,61,0,0
BRDA:359,61,1,0
BRDA:371,62,0,0
BRDA:371,62,1,0
BRDA:371,62,2,0
BRDA:371,62,3,0
BRDA:371,62,4,0
BRDA:371,62,5,0
BRDA:371,62,6,0
BRDA:371,62,7,0
BRDA:371,62,8,0
BRDA:371,62,9,0
BRDA:371,62,10,0
BRDA:371,62,11,0
BRDA:371,62,12,0
BRDA:371,62,13,0
BRDA:371,62,14,0
BRDA:371,62,15,0
BRDA:371,62,16,0
BRDA:371,62,17,0
BRDA:371,62,18,0
BRDA:371,62,19,0
BRDA:371,62,20,0
BRDA:371,62,21,0
BRDA:371,62,22,0
BRDA:371,62,23,0
BRDA:371,62,24,0
BRDA:371,62,25,0
BRDA:374,63,0,0
BRDA:374,63,1,0
BRDA:380,64,0,0
BRDA:380,64,1,0
BRDA:380,65,0,0
BRDA:380,65,1,0
BRDA:382,66,0,0
BRDA:382,66,1,0
BRDA:382,67,0,0
BRDA:382,67,1,0
BRDA:382,68,0,0
BRDA:382,68,1,0
BRDA:384,69,0,0
BRDA:384,69,1,0
BRDA:400,70,0,0
BRDA:400,70,1,0
BRDA:404,71,0,0
BRDA:404,71,1,0
BRDA:408,72,0,0
BRDA:408,72,1,0
BRDA:415,73,0,0
BRDA:415,73,1,0
BRDA:415,74,0,0
BRDA:415,74,1,0
BRDA:415,74,2,0
BRDA:418,75,0,0
BRDA:418,75,1,0
BRDA:420,76,0,0
BRDA:420,76,1,0
BRDA:421,77,0,0
BRDA:421,77,1,0
BRDA:423,78,0,0
BRDA:423,78,1,0
BRDA:426,79,0,0
BRDA:426,79,1,0
BRDA:435,80,0,0
BRDA:435,80,1,0
BRDA:435,81,0,0
BRDA:435,81,1,0
BRDA:441,82,0,0
BRDA:441,82,1,0
BRDA:442,83,0,0
BRDA:442,83,1,0
BRDA:446,84,0,0
BRDA:446,84,1,0
BRDA:449,85,0,0
BRDA:449,85,1,0
BRDA:451,86,0,0
BRDA:451,86,1,0
BRDA:458,87,0,0
BRDA:458,87,1,0
BRDA:472,88,0,0
BRDA:472,88,1,0
BRDA:474,89,0,0
BRDA:474,89,1,0
BRDA:476,90,0,0
BRDA:476,90,1,0
BRDA:481,91,0,0
BRDA:481,91,1,0
BRDA:485,92,0,0
BRDA:485,92,1,0
BRDA:494,93,0,0
BRDA:494,93,1,0
BRDA:494,94,0,0
BRDA:494,94,1,0
BRDA:498,95,0,0
BRDA:498,95,1,0
BRDA:499,96,0,0
BRDA:499,96,1,0
BRDA:519,97,0,0
BRDA:523,98,0,0
BRDA:523,98,1,0
BRDA:527,99,0,0
BRDA:527,99,1,0
BRDA:528,100,0,0
BRDA:528,100,1,0
BRDA:555,101,0,0
BRDA:555,101,1,0
BRDA:555,101,2,0
BRDA:555,101,3,0
BRDA:555,101,4,0
BRDA:555,101,5,0
BRDA:555,101,6,0
BRDA:555,101,7,0
BRDA:555,101,8,0
BRDA:555,101,9,0
BRDA:555,101,10,0
BRDA:557,102,0,0
BRDA:557,102,1,0
BRDA:560,103,0,0
BRDA:560,103,1,0
BRDA:563,104,0,0
BRDA:563,104,1,0
BRDA:564,105,0,0
BRDA:564,105,1,0
BRDA:569,106,0,0
BRDA:569,106,1,0
BRDA:570,107,0,0
BRDA:570,107,1,0
BRDA:578,108,0,0
BRDA:578,108,1,0
BRDA:579,109,0,0
BRDA:579,109,1,0
BRDA:579,110,0,0
BRDA:579,110,1,0
BRDA:581,111,0,0
BRDA:581,111,1,0
BRDA:589,112,0,0
BRDA:589,112,1,0
BRDA:589,113,0,0
BRDA:589,113,1,0
BRDA:593,114,0,0
BRDA:593,114,1,0
BRDA:597,115,0,0
BRDA:597,115,1,0
BRDA:597,116,0,0
BRDA:597,116,1,0
BRDA:601,117,0,0
BRDA:601,117,1,0
BRDA:602,118,0,0
BRDA:602,118,1,0
BRDA:612,119,0,0
BRDA:612,119,1,0
BRDA:612,120,0,0
BRDA:612,120,1,0
BRDA:612,121,0,0
BRDA:612,121,1,0
BRDA:623,122,0,0
BRDA:623,122,1,0
BRF:283
BRH:0
end_of_record
TN:
SF:src/lib/email/provider.ts
FN:19,createResendProvider
FN:26,(anonymous_1)
FN:51,(anonymous_2)
FN:65,createMockEmailProvider
FN:67,(anonymous_4)
FN:71,(anonymous_5)
FN:86,emailSkonfigurowany
FN:107,createEmailProvider
FN:113,newsletterTemplate
FN:114,(anonymous_9)
FNF:10
FNH:1
FNDA:0,createResendProvider
FNDA:0,(anonymous_1)
FNDA:0,(anonymous_2)
FNDA:0,createMockEmailProvider
FNDA:0,(anonymous_4)
FNDA:0,(anonymous_5)
FNDA:1,emailSkonfigurowany
FNDA:0,createEmailProvider
FNDA:0,newsletterTemplate
FNDA:0,(anonymous_9)
DA:20,0
DA:23,0
DA:25,0
DA:27,0
DA:28,0
DA:43,0
DA:44,0
DA:45,0
DA:47,0
DA:52,0
DA:53,0
DA:54,0
DA:55,0
DA:56,0
DA:57,0
DA:59,0
DA:66,0
DA:68,0
DA:69,0
DA:72,0
DA:73,0
DA:87,1
DA:108,0
DA:109,0
DA:114,0
DA:123,0
LF:26
LH:1
BRDA:23,0,0,0
BRDA:23,0,1,0
BRDA:35,1,0,0
BRDA:35,1,1,0
BRDA:44,2,0,0
BRDA:44,2,1,0
BRDA:44,3,0,0
BRDA:44,3,1,0
BRDA:45,4,0,0
BRDA:45,4,1,0
BRDA:56,5,0,0
BRDA:56,5,1,0
BRDA:57,6,0,0
BRDA:57,6,1,0
BRDA:87,7,0,1
BRDA:87,7,1,0
BRDA:108,8,0,0
BRDA:108,8,1,0
BRF:18
BRH:1
end_of_record
TN:
SF:src/lib/http/envelope.ts
FN:55,(anonymous_0)
FN:68,(anonymous_1)
FN:78,(anonymous_2)
FN:81,(anonymous_3)
FN:98,(anonymous_4)
FN:152,(anonymous_5)
FN:159,(anonymous_6)
FN:160,(anonymous_7)
FN:202,(anonymous_8)
FNF:9
FNH:5
FNDA:32,(anonymous_0)
FNDA:11,(anonymous_1)
FNDA:5,(anonymous_2)
FNDA:0,(anonymous_3)
FNDA:19,(anonymous_4)
FNDA:12,(anonymous_5)
FNDA:0,(anonymous_6)
FNDA:0,(anonymous_7)
FNDA:0,(anonymous_8)
DA:55,8
DA:56,32
DA:57,32
DA:58,0
DA:59,0
DA:60,0
DA:68,8
DA:69,11
DA:70,11
DA:71,11
DA:74,11
DA:78,8
DA:81,8
DA:98,8
DA:104,19
DA:105,19
DA:108,19
DA:112,19
DA:113,19
DA:115,19
DA:120,19
DA:152,8
DA:153,12
DA:154,12
DA:155,11
DA:159,8
DA:160,0
DA:202,8
DA:203,0
DA:204,0
DA:205,0
DA:206,0
DA:208,0
LF:33
LH:24
BRDA:57,0,0,32
BRDA:57,0,1,0
BRDA:59,1,0,0
BRDA:59,1,1,0
BRDA:68,2,0,11
BRDA:71,3,0,3
BRDA:71,3,1,8
BRDA:108,4,0,19
BRDA:108,4,1,0
BRDA:108,4,2,0
BRDA:108,4,3,0
BRDA:112,5,0,0
BRDA:112,5,1,19
BRDA:113,6,0,0
BRDA:113,6,1,19
BRDA:117,7,0,19
BRDA:117,7,1,1
BRDA:117,8,0,12
BRDA:117,8,1,7
BRDA:154,9,0,1
BRDA:154,9,1,11
BRDA:205,10,0,0
BRDA:205,10,1,0
BRDA:205,11,0,0
BRDA:205,11,1,0
BRDA:205,11,2,0
BRF:26
BRH:13
end_of_record
TN:
SF:src/lib/http/errors.ts
FN:179,(anonymous_0)
FN:190,(anonymous_1)
FN:193,(anonymous_2)
FN:205,(anonymous_3)
FN:215,(anonymous_4)
FNF:5
FNH:3
FNDA:20,(anonymous_0)
FNDA:19,(anonymous_1)
FNDA:1,(anonymous_2)
FNDA:0,(anonymous_3)
FNDA:0,(anonymous_4)
DA:15,8
DA:166,8
DA:179,8
DA:180,20
DA:181,20
DA:182,0
DA:186,0
DA:190,19
DA:193,8
DA:206,0
DA:207,0
DA:208,0
DA:209,0
DA:210,0
DA:215,8
LF:15
LH:8
BRDA:181,0,0,20
BRDA:181,0,1,0
BRDA:206,1,0,0
BRDA:206,1,1,0
BRF:4
BRH:1
end_of_record
TN:
SF:src/lib/integrations/pogoda-cache.ts
FN:59,(anonymous_0)
FN:73,(anonymous_1)
FN:98,(anonymous_2)
FN:131,(anonymous_3)
FN:169,(anonymous_4)
FNF:5
FNH:0
FNDA:0,(anonymous_0)
FNDA:0,(anonymous_1)
FNDA:0,(anonymous_2)
FNDA:0,(anonymous_3)
FNDA:0,(anonymous_4)
DA:39,7
DA:48,7
DA:49,7
DA:50,7
DA:59,7
DA:60,0
DA:61,0
DA:62,0
DA:66,0
DA:68,0
DA:69,0
DA:73,7
DA:79,0
DA:80,0
DA:81,0
DA:82,0
DA:88,0
DA:98,7
DA:99,0
DA:100,0
DA:101,0
DA:131,7
DA:132,0
DA:133,0
DA:134,0
DA:137,0
DA:138,0
DA:139,0
DA:143,0
DA:145,0
DA:147,0
DA:148,0
DA:149,0
DA:161,0
DA:169,7
DA:170,0
DA:171,0
DA:172,0
DA:175,0
DA:176,0
DA:177,0
DA:181,0
DA:183,0
DA:184,0
DA:185,0
DA:186,0
DA:197,0
LF:47
LH:9
BRDA:60,0,0,0
BRDA:60,0,1,0
BRDA:60,1,0,0
BRDA:60,1,1,0
BRDA:66,2,0,0
BRDA:66,2,1,0
BRDA:79,3,0,0
BRDA:79,3,1,0
BRDA:79,4,0,0
BRDA:79,4,1,0
BRDA:81,5,0,0
BRDA:81,5,1,0
BRDA:100,6,0,0
BRDA:100,6,1,0
BRDA:133,7,0,0
BRDA:133,7,1,0
BRDA:148,8,0,0
BRDA:148,8,1,0
BRDA:171,9,0,0
BRDA:171,9,1,0
BRDA:171,10,0,0
BRDA:171,10,1,0
BRDA:185,11,0,0
BRDA:185,11,1,0
BRF:24
BRH:0
end_of_record
TN:
SF:src/lib/integrations/pogoda.ts
FN:101,(anonymous_0)
FN:114,(anonymous_1)
FN:175,(anonymous_2)
FN:187,(anonymous_3)
FN:256,(anonymous_4)
FN:311,(anonymous_5)
FN:340,(anonymous_6)
FN:374,(anonymous_7)
FNF:8
FNH:0
FNDA:0,(anonymous_0)
FNDA:0,(anonymous_1)
FNDA:0,(anonymous_2)
FNDA:0,(anonymous_3)
FNDA:0,(anonymous_4)
FNDA:0,(anonymous_5)
FNDA:0,(anonymous_6)
FNDA:0,(anonymous_7)
DA:46,7
DA:56,7
DA:57,7
DA:60,7
DA:61,7
DA:70,7
DA:101,7
DA:104,7
DA:114,7
DA:115,0
DA:116,0
DA:117,0
DA:118,0
DA:119,0
DA:120,0
DA:121,0
DA:122,0
DA:123,0
DA:175,7
DA:176,0
DA:177,0
DA:187,7
DA:188,0
DA:216,0
DA:223,0
DA:224,0
DA:227,0
DA:228,0
DA:229,0
DA:230,0
DA:232,0
DA:234,0
DA:254,0
DA:255,0
DA:256,0
DA:257,0
DA:258,0
DA:259,0
DA:274,0
DA:311,7
DA:312,0
DA:313,0
DA:314,0
DA:315,0
DA:316,0
DA:321,0
DA:322,0
DA:327,0
DA:328,0
DA:333,0
DA:340,7
DA:341,0
DA:348,0
DA:353,0
DA:355,0
DA:356,0
DA:357,0
DA:358,0
DA:360,0
DA:374,7
DA:375,0
DA:376,0
LF:62
LH:14
BRDA:101,0,0,0
BRDA:101,0,1,0
BRDA:116,1,0,0
BRDA:116,1,1,0
BRDA:121,2,0,0
BRDA:121,2,1,0
BRDA:123,3,0,0
BRDA:123,3,1,0
BRDA:176,4,0,0
BRDA:176,4,1,0
BRDA:176,5,0,0
BRDA:176,5,1,0
BRDA:177,6,0,0
BRDA:177,6,1,0
BRDA:223,7,0,0
BRDA:223,7,1,0
BRDA:228,8,0,0
BRDA:228,8,1,0
BRDA:229,9,0,0
BRDA:229,9,1,0
BRDA:234,10,0,0
BRDA:234,10,1,0
BRDA:240,11,0,0
BRDA:240,11,1,0
BRDA:241,12,0,0
BRDA:241,12,1,0
BRDA:242,13,0,0
BRDA:242,13,1,0
BRDA:243,14,0,0
BRDA:243,14,1,0
BRDA:244,15,0,0
BRDA:244,15,1,0
BRDA:248,16,0,0
BRDA:248,16,1,0
BRDA:249,17,0,0
BRDA:249,17,1,0
BRDA:251,18,0,0
BRDA:251,18,1,0
BRDA:254,19,0,0
BRDA:254,19,1,0
BRDA:255,20,0,0
BRDA:255,20,1,0
BRDA:257,21,0,0
BRDA:257,21,1,0
BRDA:262,22,0,0
BRDA:262,22,1,0
BRDA:263,23,0,0
BRDA:263,23,1,0
BRDA:267,24,0,0
BRDA:267,24,1,0
BRDA:269,25,0,0
BRDA:269,25,1,0
BRDA:270,26,0,0
BRDA:270,26,1,0
BRDA:312,27,0,0
BRDA:312,27,1,0
BRDA:313,28,0,0
BRDA:313,28,1,0
BRDA:314,29,0,0
BRDA:314,29,1,0
BRDA:315,30,0,0
BRDA:315,30,1,0
BRDA:321,31,0,0
BRDA:321,31,1,0
BRDA:327,32,0,0
BRDA:327,32,1,0
BRDA:353,33,0,0
BRDA:353,33,1,0
BRDA:356,34,0,0
BRDA:356,34,1,0
BRDA:361,35,0,0
BRDA:361,35,1,0
BRDA:362,36,0,0
BRDA:362,36,1,0
BRDA:363,37,0,0
BRDA:363,37,1,0
BRDA:376,38,0,0
BRDA:376,38,1,0
BRF:78
BRH:0
end_of_record
TN:
SF:src/lib/media/alt-text-ai.ts
FN:20,(anonymous_0)
FN:26,(anonymous_1)
FNF:2
FNH:0
FNDA:0,(anonymous_0)
FNDA:0,(anonymous_1)
DA:20,7
DA:26,7
DA:27,0
DA:28,0
DA:30,0
DA:31,0
DA:32,0
DA:42,0
DA:45,0
LF:9
LH:2
BRDA:26,0,0,0
BRDA:27,1,0,0
BRDA:27,1,1,0
BRDA:28,2,0,0
BRDA:28,2,1,0
BRDA:45,3,0,0
BRDA:45,3,1,0
BRDA:45,4,0,0
BRDA:45,4,1,0
BRF:9
BRH:0
end_of_record
TN:
SF:src/lib/media/audio-transcribe.ts
FN:47,(anonymous_0)
FNF:1
FNH:0
FNDA:0,(anonymous_0)
DA:47,7
DA:51,0
LF:2
LH:1
BRDA:50,0,0,0
BRF:1
BRH:0
end_of_record
TN:
SF:src/lib/media/audio-upload.ts
FN:4,(anonymous_0)
FN:7,(anonymous_1)
FN:9,(anonymous_2)
FN:14,(anonymous_3)
FNF:4
FNH:0
FNDA:0,(anonymous_0)
FNDA:0,(anonymous_1)
FNDA:0,(anonymous_2)
FNDA:0,(anonymous_3)
DA:4,7
DA:5,0
DA:6,0
DA:7,0
DA:8,0
DA:9,0
DA:10,0
DA:14,7
DA:15,0
DA:16,0
DA:17,0
DA:18,0
LF:12
LH:2
BRDA:4,0,0,0
BRDA:17,1,0,0
BRDA:17,1,1,0
BRF:3
BRH:0
end_of_record
TN:
SF:src/lib/media/db.ts
FN:41,(anonymous_0)
FN:46,(anonymous_1)
FN:48,(anonymous_2)
FN:52,(anonymous_3)
FN:54,(anonymous_4)
FN:58,(anonymous_5)
FN:66,(anonymous_6)
FNF:7
FNH:0
FNDA:0,(anonymous_0)
FNDA:0,(anonymous_1)
FNDA:0,(anonymous_2)
FNDA:0,(anonymous_3)
FNDA:0,(anonymous_4)
FNDA:0,(anonymous_5)
FNDA:0,(anonymous_6)
DA:41,7
DA:42,0
DA:43,0
DA:46,7
DA:48,7
DA:49,0
DA:50,0
DA:51,0
DA:52,0
DA:54,0
DA:58,7
DA:59,0
DA:60,0
DA:66,7
DA:67,0
DA:68,0
DA:69,0
LF:17
LH:5
BRDA:42,0,0,0
BRDA:42,0,1,0
BRDA:49,1,0,0
BRDA:49,1,1,0
BRDA:52,2,0,0
BRDA:52,2,1,0
BRDA:62,3,0,0
BRDA:62,3,1,0
BRDA:66,4,0,0
BRF:9
BRH:0
end_of_record
TN:
SF:src/lib/media/duplicate-detect.ts
FN:7,(anonymous_0)
FN:9,(anonymous_1)
FN:18,(anonymous_2)
FN:28,(anonymous_3)
FN:35,(anonymous_4)
FNF:5
FNH:0
FNDA:0,(anonymous_0)
FNDA:0,(anonymous_1)
FNDA:0,(anonymous_2)
FNDA:0,(anonymous_3)
FNDA:0,(anonymous_4)
DA:7,7
DA:9,7
DA:10,0
DA:11,0
DA:12,0
DA:13,0
DA:14,0
DA:15,0
DA:16,0
DA:18,0
DA:19,0
DA:20,0
DA:21,0
DA:22,0
DA:23,0
DA:25,0
DA:28,7
DA:29,0
DA:30,0
DA:31,0
DA:32,0
DA:35,7
DA:36,0
DA:37,0
DA:38,0
LF:25
LH:4
BRDA:11,0,0,0
BRDA:11,0,1,0
BRDA:22,1,0,0
BRDA:22,1,1,0
BRDA:35,2,0,0
BRDA:38,3,0,0
BRDA:38,3,1,0
BRDA:38,4,0,0
BRDA:38,4,1,0
BRF:9
BRH:0
end_of_record
TN:
SF:src/lib/media/gallery-store.ts
FN:34,(anonymous_0)
FN:36,(anonymous_1)
FN:44,(anonymous_2)
FN:55,(anonymous_3)
FN:60,(anonymous_4)
FNF:5
FNH:0
FNDA:0,(anonymous_0)
FNDA:0,(anonymous_1)
FNDA:0,(anonymous_2)
FNDA:0,(anonymous_3)
FNDA:0,(anonymous_4)
DA:34,7
DA:36,7
DA:44,0
DA:55,7
DA:56,0
DA:57,0
DA:60,7
DA:61,0
DA:62,0
DA:63,0
LF:10
LH:4
BRDA:57,0,0,0
BRDA:57,0,1,0
BRDA:61,1,0,0
BRDA:61,1,1,0
BRF:4
BRH:0
end_of_record
TN:
SF:src/lib/media/image-metadata.ts
FN:9,(anonymous_0)
FN:10,(anonymous_1)
FN:12,(anonymous_2)
FN:17,(anonymous_3)
FN:23,(anonymous_4)
FN:36,(anonymous_5)
FN:55,(anonymous_6)
FN:77,(anonymous_7)
FN:82,(anonymous_8)
FNF:9
FNH:0
FNDA:0,(anonymous_0)
FNDA:0,(anonymous_1)
FNDA:0,(anonymous_2)
FNDA:0,(anonymous_3)
FNDA:0,(anonymous_4)
FNDA:0,(anonymous_5)
FNDA:0,(anonymous_6)
FNDA:0,(anonymous_7)
FNDA:0,(anonymous_8)
DA:9,7
DA:10,7
DA:12,7
DA:13,0
DA:14,0
DA:17,7
DA:18,0
DA:19,0
DA:20,0
DA:23,7
DA:24,0
DA:25,0
DA:26,0
DA:27,0
DA:28,0
DA:29,0
DA:30,0
DA:31,0
DA:33,0
DA:36,7
DA:37,0
DA:38,0
DA:39,0
DA:40,0
DA:41,0
DA:42,0
DA:43,0
DA:44,0
DA:45,0
DA:46,0
DA:48,0
DA:49,0
DA:50,0
DA:52,0
DA:55,7
DA:56,0
DA:57,0
DA:58,0
DA:59,0
DA:60,0
DA:61,0
DA:62,0
DA:63,0
DA:64,0
DA:65,0
DA:66,0
DA:67,0
DA:69,0
DA:70,0
DA:71,0
DA:72,0
DA:74,0
DA:77,7
DA:78,0
DA:79,0
DA:82,7
DA:83,0
DA:84,0
DA:85,0
DA:86,0
LF:60
LH:9
BRDA:9,0,0,0
BRDA:10,1,0,0
BRDA:13,2,0,0
BRDA:13,2,1,0
BRDA:19,3,0,0
BRDA:19,3,1,0
BRDA:26,4,0,0
BRDA:26,4,1,0
BRDA:26,5,0,0
BRDA:26,5,1,0
BRDA:28,6,0,0
BRDA:28,6,1,0
BRDA:37,7,0,0
BRDA:37,7,1,0
BRDA:42,8,0,0
BRDA:42,8,1,0
BRDA:42,9,0,0
BRDA:42,9,1,0
BRDA:49,10,0,0
BRDA:49,10,1,0
BRDA:56,11,0,0
BRDA:56,11,1,0
BRDA:62,12,0,0
BRDA:62,12,1,0
BRDA:64,13,0,0
BRDA:64,13,1,0
BRDA:79,14,0,0
BRDA:79,14,1,0
BRDA:79,14,2,0
BRDA:79,14,3,0
BRDA:79,14,4,0
BRDA:86,15,0,0
BRDA:86,15,1,0
BRDA:86,16,0,0
BRDA:86,16,1,0
BRF:35
BRH:0
end_of_record
TN:
SF:src/lib/media/image-resize.ts
FN:11,(anonymous_0)
FN:23,(anonymous_1)
FNF:2
FNH:0
FNDA:0,(anonymous_0)
FNDA:0,(anonymous_1)
DA:11,7
DA:12,0
DA:13,0
DA:14,0
DA:15,0
DA:16,0
DA:17,0
DA:18,0
DA:19,0
DA:20,0
DA:23,7
DA:24,0
DA:25,0
DA:26,0
LF:14
LH:2
BRDA:11,0,0,0
BRDA:13,1,0,0
BRDA:13,1,1,0
BRDA:14,2,0,0
BRDA:14,2,1,0
BRDA:15,3,0,0
BRDA:15,3,1,0
BRDA:16,4,0,0
BRDA:16,4,1,0
BRDA:17,5,0,0
BRDA:17,5,1,0
BRDA:18,6,0,0
BRDA:18,6,1,0
BRDA:19,7,0,0
BRDA:19,7,1,0
BRDA:23,8,0,0
BRDA:24,9,0,0
BRDA:24,9,1,0
BRDA:24,10,0,0
BRDA:24,10,1,0
BRDA:26,11,0,0
BRDA:26,11,1,0
BRF:22
BRH:0
end_of_record
TN:
SF:src/lib/media/image-variants.ts
FN:22,(anonymous_0)
FN:31,(anonymous_1)
FN:32,(anonymous_2)
FNF:3
FNH:0
FNDA:0,(anonymous_0)
FNDA:0,(anonymous_1)
FNDA:0,(anonymous_2)
DA:14,7
DA:22,7
DA:31,7
DA:32,0
LF:4
LH:3
BRF:0
BRH:0
end_of_record
TN:
SF:src/lib/media/mime-sniff.ts
FN:33,(anonymous_0)
FN:33,(anonymous_1)
FN:92,(anonymous_2)
FN:105,(anonymous_3)
FN:135,(anonymous_4)
FN:141,(anonymous_5)
FN:183,(anonymous_6)
FN:191,(anonymous_7)
FN:193,(anonymous_8)
FNF:9
FNH:2
FNDA:182,(anonymous_0)
FNDA:966,(anonymous_1)
FNDA:0,(anonymous_2)
FNDA:0,(anonymous_3)
FNDA:0,(anonymous_4)
FNDA:0,(anonymous_5)
FNDA:0,(anonymous_6)
FNDA:0,(anonymous_7)
FNDA:0,(anonymous_8)
DA:33,966
DA:35,7
DA:80,7
DA:92,7
DA:93,0
DA:94,0
DA:95,0
DA:97,0
DA:105,7
DA:106,0
DA:107,0
DA:108,0
DA:109,0
DA:110,0
DA:111,0
DA:112,0
DA:113,0
DA:135,0
DA:136,0
DA:137,0
DA:141,7
DA:142,0
DA:143,0
DA:145,0
DA:146,0
DA:147,0
DA:151,0
DA:152,0
DA:153,0
DA:154,0
DA:163,0
DA:164,0
DA:165,0
DA:166,0
DA:169,0
DA:173,7
DA:181,7
DA:183,7
DA:184,0
DA:185,0
DA:186,0
DA:191,7
DA:192,0
DA:193,0
LF:44
LH:10
BRDA:93,0,0,0
BRDA:93,0,1,0
BRDA:95,1,0,0
BRDA:95,1,1,0
BRDA:107,2,0,0
BRDA:107,2,1,0
BRDA:109,3,0,0
BRDA:109,3,1,0
BRDA:110,4,0,0
BRDA:110,4,1,0
BRDA:111,5,0,0
BRDA:111,5,1,0
BRDA:112,6,0,0
BRDA:112,6,1,0
BRDA:141,7,0,0
BRDA:146,8,0,0
BRDA:146,8,1,0
BRDA:152,9,0,0
BRDA:152,9,1,0
BRDA:153,10,0,0
BRDA:153,10,1,0
BRDA:153,11,0,0
BRDA:153,11,1,0
BRDA:164,12,0,0
BRDA:164,12,1,0
BRDA:165,13,0,0
BRDA:165,13,1,0
BRDA:169,14,0,0
BRDA:169,14,1,0
BRDA:185,15,0,0
BRDA:185,15,1,0
BRF:31
BRH:0
end_of_record
TN:
SF:src/lib/media/podcast-rss.ts
FN:3,(anonymous_0)
FN:5,(anonymous_1)
FN:14,(anonymous_2)
FNF:3
FNH:0
FNDA:0,(anonymous_0)
FNDA:0,(anonymous_1)
FNDA:0,(anonymous_2)
DA:3,0
DA:5,0
DA:14,0
LF:3
LH:0
BRDA:17,0,0,0
BRDA:17,0,1,0
BRF:2
BRH:0
end_of_record
TN:
SF:src/lib/media/r2-upload.ts
FN:26,(anonymous_0)
FN:35,(anonymous_1)
FN:43,(anonymous_2)
FN:49,(anonymous_3)
FN:51,(anonymous_4)
FN:51,(anonymous_5)
FN:53,(anonymous_6)
FN:59,(anonymous_7)
FN:83,(anonymous_8)
FNF:9
FNH:0
FNDA:0,(anonymous_0)
FNDA:0,(anonymous_1)
FNDA:0,(anonymous_2)
FNDA:0,(anonymous_3)
FNDA:0,(anonymous_4)
FNDA:0,(anonymous_5)
FNDA:0,(anonymous_6)
FNDA:0,(anonymous_7)
FNDA:0,(anonymous_8)
DA:24,7
DA:26,7
DA:27,0
DA:35,7
DA:36,0
DA:37,0
DA:38,0
DA:39,0
DA:40,0
DA:43,7
DA:44,0
DA:45,0
DA:46,0
DA:49,7
DA:51,7
DA:53,7
DA:54,0
DA:55,0
DA:56,0
DA:59,7
DA:66,0
DA:67,0
DA:68,0
DA:69,0
DA:70,0
DA:71,0
DA:72,0
DA:73,0
DA:83,7
DA:84,0
DA:87,0
DA:88,0
DA:98,0
LF:33
LH:9
BRDA:27,0,0,0
BRDA:27,0,1,0
BRDA:35,1,0,0
BRDA:36,2,0,0
BRDA:36,2,1,0
BRDA:36,3,0,0
BRDA:36,3,1,0
BRDA:37,4,0,0
BRDA:37,4,1,0
BRDA:37,5,0,0
BRDA:37,5,1,0
BRDA:38,6,0,0
BRDA:38,6,1,0
BRDA:38,7,0,0
BRDA:38,7,1,0
BRDA:39,8,0,0
BRDA:39,8,1,0
BRDA:45,9,0,0
BRDA:45,9,1,0
BRDA:45,10,0,0
BRDA:45,10,1,0
BRDA:45,10,2,0
BRDA:63,11,0,0
BRDA:64,12,0,0
BRDA:70,13,0,0
BRDA:70,13,1,0
BRDA:84,14,0,0
BRDA:84,14,1,0
BRDA:87,15,0,0
BRDA:87,15,1,0
BRDA:95,16,0,0
BRDA:95,16,1,0
BRF:32
BRH:0
end_of_record
TN:
SF:src/lib/media/video-captions.ts
FN:4,(anonymous_0)
FNF:1
FNH:0
FNDA:0,(anonymous_0)
DA:4,0
DA:5,0
DA:12,0
LF:3
LH:0
BRDA:4,0,0,0
BRDA:8,1,0,0
BRDA:8,1,1,0
BRF:3
BRH:0
end_of_record
TN:
SF:src/lib/media/video-thumbnail.ts
FN:4,(anonymous_0)
FN:6,(anonymous_1)
FNF:2
FNH:0
FNDA:0,(anonymous_0)
FNDA:0,(anonymous_1)
DA:4,7
DA:6,7
LF:2
LH:2
BRDA:6,0,0,0
BRF:1
BRH:0
end_of_record
TN:
SF:src/lib/media/video-transcode.ts
FN:9,(anonymous_0)
FNF:1
FNH:0
FNDA:0,(anonymous_0)
DA:9,7
LF:1
LH:1
BRF:0
BRH:0
end_of_record
TN:
SF:src/lib/media/video-upload.ts
FN:10,(anonymous_0)
FN:16,(anonymous_1)
FNF:2
FNH:0
FNDA:0,(anonymous_0)
FNDA:0,(anonymous_1)
DA:10,7
DA:11,0
DA:12,0
DA:13,0
DA:16,7
DA:17,0
DA:18,0
DA:19,0
LF:8
LH:2
BRDA:12,0,0,0
BRDA:12,0,1,0
BRF:2
BRH:0
end_of_record
TN:
SF:src/lib/media/webp-fallback.ts
FN:11,(anonymous_0)
FN:13,(anonymous_1)
FNF:2
FNH:0
FNDA:0,(anonymous_0)
FNDA:0,(anonymous_1)
DA:11,0
DA:13,0
LF:2
LH:0
BRDA:11,0,0,0
BRDA:13,1,0,0
BRDA:13,1,1,0
BRF:3
BRH:0
end_of_record
TN:
SF:src/lib/moderation/profanity-filter.ts
FN:3,(anonymous_0)
FN:5,(anonymous_1)
FN:8,(anonymous_2)
FNF:3
FNH:3
FNDA:2,(anonymous_0)
FNDA:7,(anonymous_1)
FNDA:1,(anonymous_2)
DA:1,8
DA:3,8
DA:4,2
DA:5,7
DA:8,8
DA:9,1
DA:10,1
DA:11,5
DA:12,5
DA:14,1
LF:10
LH:10
BRF:0
BRH:0
end_of_record
TN:
SF:src/lib/moderation/spam-detector.ts
FN:13,(anonymous_0)
FNF:1
FNH:1
FNDA:3,(anonymous_0)
DA:7,8
DA:13,8
DA:14,3
DA:15,3
DA:16,3
DA:18,3
DA:19,9
DA:20,9
DA:21,2
DA:22,2
DA:26,3
DA:27,0
DA:28,0
DA:31,3
DA:32,0
DA:33,0
DA:36,3
LF:17
LH:13
BRDA:20,0,0,2
BRDA:20,0,1,7
BRDA:26,1,0,0
BRDA:26,1,1,3
BRDA:26,2,0,3
BRDA:26,2,1,2
BRDA:31,3,0,0
BRDA:31,3,1,3
BRDA:31,4,0,3
BRDA:31,4,1,0
BRF:10
BRH:7
end_of_record
TN:
SF:src/lib/privacy/ip-anonymize.ts
FN:70,(anonymous_0)
FN:90,(anonymous_1)
FN:111,(anonymous_2)
FN:144,(anonymous_3)
FNF:4
FNH:4
FNDA:11,(anonymous_0)
FNDA:13,(anonymous_1)
FNDA:2,(anonymous_2)
FNDA:2,(anonymous_3)
DA:54,9
DA:70,9
DA:71,11
DA:72,11
DA:77,8
DA:78,3
DA:79,3
DA:81,2
DA:82,2
DA:83,2
DA:86,5
DA:87,5
DA:90,13
DA:91,3
DA:111,9
DA:115,2
DA:116,2
DA:118,0
DA:119,2
DA:120,0
DA:124,0
DA:127,0
DA:128,0
DA:129,0
DA:130,0
DA:131,0
DA:132,0
DA:144,9
DA:145,2
LF:29
LH:20
BRDA:71,0,0,11
BRDA:71,0,1,2
BRDA:72,1,0,3
BRDA:72,1,1,8
BRDA:77,2,0,3
BRDA:77,2,1,5
BRDA:79,3,0,1
BRDA:79,3,1,2
BRDA:82,4,0,0
BRDA:82,4,1,2
BRDA:87,5,0,1
BRDA:87,5,1,4
BRDA:90,6,0,1
BRDA:90,6,1,3
BRDA:90,7,0,13
BRDA:90,7,1,13
BRDA:115,8,0,2
BRDA:115,8,1,2
BRDA:116,9,0,2
BRDA:116,9,1,0
BRDA:118,10,0,0
BRDA:118,10,1,0
BRDA:119,11,0,0
BRDA:119,11,1,2
BRDA:145,12,0,2
BRDA:145,12,1,2
BRDA:145,12,2,2
BRDA:145,12,3,2
BRF:28
BRH:23
end_of_record
TN:
SF:src/lib/privacy/pii-scrubber.ts
FN:1,(anonymous_0)
FN:8,(anonymous_1)
FNF:2
FNH:2
FNDA:2,(anonymous_0)
FNDA:1,(anonymous_1)
DA:1,1
DA:2,2
DA:8,1
LF:3
LH:3
BRF:0
BRH:0
end_of_record
TN:
SF:src/lib/push/webpush.ts
FN:58,(anonymous_0)
FN:64,(anonymous_1)
FN:73,(anonymous_2)
FN:75,(anonymous_3)
FN:76,(anonymous_4)
FN:96,(anonymous_5)
FN:107,(anonymous_6)
FN:125,(anonymous_7)
FN:144,(anonymous_8)
FN:160,(anonymous_9)
FN:210,(anonymous_10)
FN:313,(anonymous_11)
FN:353,(anonymous_12)
FN:394,(anonymous_13)
FN:472,(anonymous_14)
FN:492,(anonymous_15)
FNF:16
FNH:15
FNDA:254,(anonymous_0)
FNDA:77,(anonymous_1)
FNDA:109,(anonymous_2)
FNDA:144,(anonymous_3)
FNDA:352,(anonymous_4)
FNDA:32,(anonymous_5)
FNDA:48,(anonymous_6)
FNDA:17,(anonymous_7)
FNDA:3,(anonymous_8)
FNDA:14,(anonymous_9)
FNDA:17,(anonymous_10)
FNDA:15,(anonymous_11)
FNDA:19,(anonymous_12)
FNDA:12,(anonymous_13)
FNDA:0,(anonymous_14)
FNDA:8,(anonymous_15)
DA:58,8
DA:59,254
DA:60,9749
DA:61,254
DA:64,8
DA:65,77
DA:66,77
DA:67,77
DA:68,77
DA:69,3408
DA:70,77
DA:73,109
DA:75,8
DA:76,352
DA:77,144
DA:78,144
DA:79,144
DA:80,352
DA:81,352
DA:83,144
DA:96,8
DA:97,32
DA:98,32
DA:107,8
DA:108,48
DA:109,48
DA:110,48
DA:111,48
DA:118,8
DA:125,8
DA:126,17
DA:127,1
DA:129,16
DA:144,8
DA:145,3
DA:160,8
DA:161,14
DA:168,8
DA:210,8
DA:215,17
DA:216,17
DA:224,17
DA:225,3
DA:226,3
DA:231,14
DA:232,14
DA:233,14
DA:236,17
DA:239,17
DA:249,16
DA:254,16
DA:260,16
DA:263,16
DA:264,16
DA:265,16
DA:270,16
DA:271,16
DA:272,16
DA:277,16
DA:278,16
DA:279,16
DA:281,16
DA:311,8
DA:313,8
DA:320,15
DA:322,15
DA:323,15
DA:325,15
DA:327,15
DA:328,15
DA:345,15
DA:349,15
DA:353,8
DA:354,19
DA:355,19
DA:356,19
DA:357,19
DA:394,8
DA:400,12
DA:401,1
DA:411,11
DA:412,11
DA:413,11
DA:415,0
DA:425,11
DA:426,1
DA:435,10
DA:436,10
DA:448,1
DA:457,9
DA:462,6
DA:463,3
DA:472,3
DA:474,3
DA:482,12
DA:492,8
DA:497,8
DA:498,4
LF:98
LH:97
BRDA:108,0,0,0
BRDA:108,0,1,48
BRDA:126,1,0,1
BRDA:126,1,1,16
BRDA:126,2,0,17
BRDA:126,2,1,16
BRDA:224,3,0,3
BRDA:224,3,1,14
BRDA:236,4,0,3
BRDA:236,4,1,14
BRDA:316,5,0,15
BRDA:398,6,0,12
BRDA:400,7,0,1
BRDA:400,7,1,11
BRDA:400,8,0,12
BRDA:400,8,1,11
BRDA:419,9,0,0
BRDA:419,9,1,0
BRDA:425,10,0,1
BRDA:425,10,1,10
BRDA:442,11,0,10
BRDA:442,11,1,10
BRDA:443,12,0,12
BRDA:443,12,1,6
BRDA:452,13,0,1
BRDA:452,13,1,0
BRDA:457,14,0,3
BRDA:457,14,1,6
BRDA:462,15,0,3
BRDA:462,15,1,3
BRDA:462,16,0,6
BRDA:462,16,1,5
BRDA:474,17,0,2
BRDA:474,17,1,1
BRDA:474,18,0,3
BRDA:474,18,1,1
BRDA:476,19,0,0
BRDA:476,19,1,1
BRDA:478,20,0,1
BRDA:478,20,1,0
BRDA:487,21,0,12
BRDA:487,21,1,0
BRDA:497,22,0,4
BRDA:497,22,1,4
BRDA:497,23,0,8
BRDA:497,23,1,5
BRDA:501,24,0,4
BRDA:501,24,1,1
BRF:48
BRH:41
end_of_record
TN:
SF:src/lib/r2/_base.ts
FN:36,(anonymous_0)
FN:45,(anonymous_1)
FN:50,(anonymous_2)
FN:56,(anonymous_3)
FN:62,(anonymous_4)
FN:78,(anonymous_5)
FN:78,(anonymous_6)
FN:80,(anonymous_7)
FN:92,(anonymous_8)
FN:95,(anonymous_9)
FN:111,(anonymous_10)
FN:114,(anonymous_11)
FN:117,(anonymous_12)
FN:125,(anonymous_13)
FNF:14
FNH:0
FNDA:0,(anonymous_0)
FNDA:0,(anonymous_1)
FNDA:0,(anonymous_2)
FNDA:0,(anonymous_3)
FNDA:0,(anonymous_4)
FNDA:0,(anonymous_5)
FNDA:0,(anonymous_6)
FNDA:0,(anonymous_7)
FNDA:0,(anonymous_8)
FNDA:0,(anonymous_9)
FNDA:0,(anonymous_10)
FNDA:0,(anonymous_11)
FNDA:0,(anonymous_12)
FNDA:0,(anonymous_13)
DA:34,0
DA:36,0
DA:37,0
DA:45,0
DA:46,0
DA:47,0
DA:50,0
DA:51,0
DA:52,0
DA:53,0
DA:56,0
DA:57,0
DA:58,0
DA:62,0
DA:66,0
DA:67,0
DA:68,0
DA:69,0
DA:70,0
DA:71,0
DA:73,0
DA:74,0
DA:78,0
DA:80,0
DA:81,0
DA:88,0
DA:89,0
DA:92,0
DA:96,0
DA:97,0
DA:98,0
DA:100,0
DA:112,0
DA:115,0
DA:118,0
DA:119,0
DA:126,0
DA:127,0
DA:128,0
DA:129,0
DA:130,0
LF:41
LH:0
BRDA:46,0,0,0
BRDA:46,0,1,0
BRDA:46,1,0,0
BRDA:46,1,1,0
BRDA:51,2,0,0
BRDA:51,2,1,0
BRDA:52,3,0,0
BRDA:52,3,1,0
BRDA:52,4,0,0
BRDA:52,4,1,0
BRDA:52,5,0,0
BRDA:52,5,1,0
BRDA:57,6,0,0
BRDA:57,6,1,0
BRDA:67,7,0,0
BRDA:67,7,1,0
BRDA:67,8,0,0
BRDA:67,8,1,0
BRDA:68,9,0,0
BRDA:68,9,1,0
BRDA:68,10,0,0
BRDA:68,10,1,0
BRDA:69,11,0,0
BRDA:69,11,1,0
BRDA:73,12,0,0
BRDA:73,12,1,0
BRDA:95,13,0,0
BRDA:103,14,0,0
BRDA:103,14,1,0
BRDA:103,14,2,0
BRDA:106,15,0,0
BRDA:106,15,1,0
BRDA:107,16,0,0
BRDA:107,16,1,0
BRDA:117,17,0,0
BRDA:117,18,0,0
BRDA:125,19,0,0
BRDA:125,20,0,0
BRF:38
BRH:0
end_of_record
TN:
SF:src/lib/r2/ai-generated.ts
FNF:0
FNH:0
DA:16,0
DA:24,0
DA:25,0
DA:26,0
DA:28,0
DA:29,0
LF:6
LH:0
BRF:0
BRH:0
end_of_record
TN:
SF:src/lib/r2/articles-images.ts
FNF:0
FNH:0
DA:16,0
DA:24,0
DA:25,0
DA:26,0
DA:28,0
DA:29,0
LF:6
LH:0
BRF:0
BRH:0
end_of_record
TN:
SF:src/lib/r2/articles-videos.ts
FNF:0
FNH:0
DA:16,0
DA:24,0
DA:25,0
DA:26,0
DA:28,0
DA:29,0
LF:6
LH:0
BRF:0
BRH:0
end_of_record
TN:
SF:src/lib/r2/backups-db.ts
FNF:0
FNH:0
DA:16,0
DA:24,0
DA:25,0
DA:26,0
DA:28,0
DA:29,0
LF:6
LH:0
BRF:0
BRH:0
end_of_record
TN:
SF:src/lib/r2/badges-icons.ts
FNF:0
FNH:0
DA:16,0
DA:24,0
DA:25,0
DA:26,0
DA:28,0
DA:29,0
LF:6
LH:0
BRF:0
BRH:0
end_of_record
TN:
SF:src/lib/r2/email-attachments.ts
FNF:0
FNH:0
DA:16,0
DA:24,0
DA:25,0
DA:26,0
DA:28,0
DA:29,0
LF:6
LH:0
BRF:0
BRH:0
end_of_record
TN:
SF:src/lib/r2/exports-csv.ts
FNF:0
FNH:0
DA:16,0
DA:24,0
DA:25,0
DA:26,0
DA:28,0
DA:29,0
LF:6
LH:0
BRF:0
BRH:0
end_of_record
TN:
SF:src/lib/r2/fonts-custom.ts
FNF:0
FNH:0
DA:16,0
DA:24,0
DA:25,0
DA:26,0
DA:28,0
DA:29,0
LF:6
LH:0
BRF:0
BRH:0
end_of_record
TN:
SF:src/lib/r2/galerie-photos.ts
FNF:0
FNH:0
DA:16,0
DA:24,0
DA:25,0
DA:26,0
DA:28,0
DA:29,0
LF:6
LH:0
BRF:0
BRH:0
end_of_record
TN:
SF:src/lib/r2/infographics.ts
FNF:0
FNH:0
DA:16,0
DA:24,0
DA:25,0
DA:26,0
DA:28,0
DA:29,0
LF:6
LH:0
BRF:0
BRH:0
end_of_record
TN:
SF:src/lib/r2/logos-partners.ts
FNF:0
FNH:0
DA:16,0
DA:24,0
DA:25,0
DA:26,0
DA:28,0
DA:29,0
LF:6
LH:0
BRF:0
BRH:0
end_of_record
TN:
SF:src/lib/r2/moderation-queue.ts
FNF:0
FNH:0
DA:16,0
DA:24,0
DA:25,0
DA:26,0
DA:28,0
DA:29,0
LF:6
LH:0
BRF:0
BRH:0
end_of_record
TN:
SF:src/lib/r2/ogloszenia-photos.ts
FNF:0
FNH:0
DA:16,0
DA:24,0
DA:25,0
DA:26,0
DA:28,0
DA:29,0
LF:6
LH:0
BRF:0
BRH:0
end_of_record
TN:
SF:src/lib/r2/pdf-archive.ts
FNF:0
FNH:0
DA:16,0
DA:24,0
DA:25,0
DA:26,0
DA:28,0
DA:29,0
LF:6
LH:0
BRF:0
BRH:0
end_of_record
TN:
SF:src/lib/r2/podcast-audio.ts
FNF:0
FNH:0
DA:16,0
DA:24,0
DA:25,0
DA:26,0
DA:28,0
DA:29,0
LF:6
LH:0
BRF:0
BRH:0
end_of_record
TN:
SF:src/lib/r2/site-snapshots.ts
FNF:0
FNH:0
DA:16,0
DA:24,0
DA:25,0
DA:26,0
DA:28,0
DA:29,0
LF:6
LH:0
BRF:0
BRH:0
end_of_record
TN:
SF:src/lib/r2/social-cards.ts
FNF:0
FNH:0
DA:16,0
DA:24,0
DA:25,0
DA:26,0
DA:28,0
DA:29,0
LF:6
LH:0
BRF:0
BRH:0
end_of_record
TN:
SF:src/lib/r2/user-avatars.ts
FNF:0
FNH:0
DA:16,0
DA:24,0
DA:25,0
DA:26,0
DA:28,0
DA:29,0
LF:6
LH:0
BRF:0
BRH:0
end_of_record
TN:
SF:src/lib/r2/user-uploads.ts
FNF:0
FNH:0
DA:16,0
DA:24,0
DA:25,0
DA:26,0
DA:28,0
DA:29,0
LF:6
LH:0
BRF:0
BRH:0
end_of_record
TN:
SF:src/lib/r2/video-thumbnails.ts
FNF:0
FNH:0
DA:16,0
DA:24,0
DA:25,0
DA:26,0
DA:28,0
DA:29,0
LF:6
LH:0
BRF:0
BRH:0
end_of_record
TN:
SF:src/lib/search/fts-articles.ts
FN:12,(anonymous_0)
FN:15,(anonymous_1)
FN:28,(anonymous_2)
FNF:3
FNH:0
FNDA:0,(anonymous_0)
FNDA:0,(anonymous_1)
FNDA:0,(anonymous_2)
DA:12,0
DA:13,0
DA:14,0
DA:15,0
DA:16,0
DA:17,0
DA:18,0
DA:19,0
DA:20,0
DA:21,0
DA:24,0
DA:25,0
DA:26,0
DA:28,0
LF:14
LH:0
BRDA:12,0,0,0
BRDA:13,1,0,0
BRDA:13,1,1,0
BRDA:16,2,0,0
BRDA:16,2,1,0
BRDA:17,3,0,0
BRDA:17,3,1,0
BRDA:18,4,0,0
BRDA:18,4,1,0
BRDA:21,5,0,0
BRDA:21,5,1,0
BRF:11
BRH:0
end_of_record
TN:
SF:src/lib/search/fts-ogloszenia.ts
FN:15,(anonymous_0)
FN:18,(anonymous_1)
FN:32,(anonymous_2)
FNF:3
FNH:0
FNDA:0,(anonymous_0)
FNDA:0,(anonymous_1)
FNDA:0,(anonymous_2)
DA:15,0
DA:16,0
DA:17,0
DA:18,0
DA:19,0
DA:20,0
DA:21,0
DA:22,0
DA:23,0
DA:24,0
DA:25,0
DA:26,0
DA:27,0
DA:28,0
DA:29,0
DA:30,0
DA:32,0
LF:17
LH:0
BRDA:15,0,0,0
BRDA:16,1,0,0
BRDA:16,1,1,0
BRDA:19,2,0,0
[...]
BRDA:230,25,0,0
BRDA:230,25,1,0
BRDA:237,26,0,0
BRDA:237,26,1,0
BRDA:244,27,0,0
BRDA:244,27,1,0
BRDA:245,28,0,0
BRDA:245,28,1,0
BRDA:248,29,0,0
BRDA:248,29,1,0
BRDA:272,30,0,0
BRDA:272,30,1,0
BRDA:274,31,0,0
BRDA:274,31,1,0
BRDA:279,32,0,0
BRDA:279,32,1,0
BRDA:283,33,0,0
BRDA:283,33,1,0
BRDA:291,34,0,0
BRDA:291,34,1,0
BRDA:303,35,0,0
BRDA:303,35,1,0
BRDA:309,36,0,0
BRDA:309,36,1,0
BRDA:311,37,0,0
BRDA:311,37,1,0
BRDA:312,38,0,0
BRDA:312,38,1,0
BRDA:313,39,0,0
BRDA:313,39,1,0
BRDA:313,40,0,0
BRDA:313,40,1,0
BRDA:314,41,0,0
BRDA:314,41,1,0
BRDA:321,42,0,0
BRDA:321,42,1,0
BRDA:321,43,0,0
BRDA:321,43,1,0
BRDA:343,44,0,0
BRDA:343,44,1,0
BRDA:371,45,0,0
BRDA:371,45,1,0
BRDA:395,46,0,0
BRDA:395,46,1,0
BRDA:398,47,0,0
BRDA:398,47,1,0
BRDA:399,48,0,0
BRDA:399,48,1,0
BRDA:399,49,0,0
BRDA:399,49,1,0
BRDA:399,49,2,0
BRDA:419,50,0,0
BRDA:419,50,1,0
BRDA:420,51,0,0
BRDA:420,51,1,0
BRDA:421,52,0,0
BRDA:421,52,1,0
BRDA:421,53,0,0
BRDA:421,53,1,0
BRDA:427,54,0,0
BRDA:427,54,1,0
BRDA:443,55,0,0
BRDA:443,55,1,0
BRDA:470,56,0,0
BRDA:470,56,1,0
BRDA:478,57,0,0
BRDA:478,57,1,0
BRDA:498,58,0,0
BRDA:498,58,1,0
BRDA:499,59,0,0
BRDA:499,59,1,0
BRDA:507,60,0,0
BRDA:507,60,1,0
BRDA:513,61,0,0
BRDA:513,61,1,0
BRDA:515,62,0,0
BRDA:515,62,1,0
BRDA:525,63,0,0
BRDA:525,63,1,0
BRDA:525,64,0,0
BRDA:525,64,1,0
BRDA:533,65,0,0
BRDA:533,65,1,0
BRDA:555,66,0,0
BRDA:555,66,1,0
BRDA:556,67,0,0
BRDA:556,67,1,0
BRDA:569,68,0,0
BRDA:569,68,1,0
BRDA:576,69,0,0
BRDA:576,69,1,0
BRDA:598,70,0,0
BRDA:598,70,1,0
BRDA:607,71,0,0
BRDA:607,71,1,0
BRDA:614,72,0,0
BRDA:614,72,1,0
BRDA:620,73,0,0
BRDA:620,73,1,0
BRDA:623,74,0,0
BRDA:623,74,1,0
BRDA:640,75,0,0
BRDA:640,75,1,0
BRDA:642,76,0,0
BRDA:642,76,1,0
BRDA:642,77,0,0
BRDA:642,77,1,0
BRDA:643,78,0,0
BRDA:643,78,1,0
BRDA:643,79,0,0
BRDA:643,79,1,0
BRDA:651,80,0,0
BRDA:651,80,1,0
BRDA:651,81,0,0
BRDA:651,81,1,0
BRDA:655,82,0,0
BRDA:655,82,1,0
BRDA:660,83,0,0
BRDA:660,83,1,0
BRDA:666,84,0,0
BRDA:666,84,1,0
BRDA:679,85,0,0
BRDA:679,85,1,0
BRDA:684,86,0,0
BRDA:684,86,1,0
BRDA:685,87,0,0
BRDA:685,87,1,0
BRDA:695,88,0,0
BRDA:695,88,1,0
BRDA:700,89,0,0
BRDA:700,89,1,0
BRDA:711,90,0,0
BRDA:711,90,1,0
BRDA:719,91,0,0
BRDA:719,91,1,0
BRDA:723,92,0,0
BRDA:723,92,1,0
BRDA:743,93,0,0
BRDA:743,93,1,0
BRDA:743,94,0,0
BRDA:743,94,1,0
BRDA:748,95,0,0
BRDA:748,95,1,0
BRDA:752,96,0,0
BRDA:752,96,1,0
BRDA:759,97,0,0
BRDA:759,97,1,0
BRDA:768,98,0,0
BRDA:768,98,1,0
BRDA:772,99,0,0
BRDA:772,99,1,0
BRDA:780,100,0,0
BRDA:780,100,1,0
BRDA:780,101,0,0
BRDA:780,101,1,0
BRDA:780,102,0,0
BRDA:780,102,1,0
BRDA:789,103,0,0
BRDA:789,103,1,0
BRDA:792,104,0,0
BRDA:792,104,1,0
BRDA:792,105,0,0
BRDA:792,105,1,0
BRF:212
BRH:0
end_of_record
TN:
SF:src/routes/v1/metrics.ts
FN:6,(anonymous_0)
FNF:1
FNH:0
FNDA:0,(anonymous_0)
DA:5,7
DA:6,7
LF:2
LH:2
BRF:0
BRH:0
end_of_record
TN:
SF:src/routes/v1/multimedia-recent.ts
FN:8,(anonymous_0)
FN:14,(anonymous_1)
FNF:2
FNH:0
FNDA:0,(anonymous_0)
FNDA:0,(anonymous_1)
DA:6,7
DA:8,7
DA:10,0
DA:11,0
DA:12,0
DA:13,0
DA:14,0
DA:15,0
LF:8
LH:2
BRDA:10,0,0,0
BRDA:10,0,1,0
BRF:2
BRH:0
end_of_record
TN:
SF:src/routes/v1/podcast-feed.ts
FN:19,(anonymous_0)
FN:41,(anonymous_1)
FN:50,(anonymous_2)
FN:61,(anonymous_3)
FN:72,(anonymous_4)
FN:78,(anonymous_5)
FN:109,(anonymous_6)
FN:115,(anonymous_7)
FN:139,(anonymous_8)
FN:152,(anonymous_9)
FN:224,(anonymous_10)
FN:232,(anonymous_11)
FN:253,(anonymous_12)
FN:263,(anonymous_13)
FN:267,(anonymous_14)
FN:329,(anonymous_15)
FN:354,(anonymous_16)
FN:361,(anonymous_17)
FNF:18
FNH:0
FNDA:0,(anonymous_0)
FNDA:0,(anonymous_1)
FNDA:0,(anonymous_2)
FNDA:0,(anonymous_3)
FNDA:0,(anonymous_4)
FNDA:0,(anonymous_5)
FNDA:0,(anonymous_6)
FNDA:0,(anonymous_7)
FNDA:0,(anonymous_8)
FNDA:0,(anonymous_9)
FNDA:0,(anonymous_10)
FNDA:0,(anonymous_11)
FNDA:0,(anonymous_12)
FNDA:0,(anonymous_13)
FNDA:0,(anonymous_14)
FNDA:0,(anonymous_15)
FNDA:0,(anonymous_16)
FNDA:0,(anonymous_17)
DA:17,7
DA:19,0
DA:21,7
DA:41,7
DA:50,7
DA:58,7
DA:59,7
DA:61,7
DA:62,0
DA:63,0
DA:64,0
DA:65,0
DA:66,0
DA:67,0
DA:68,0
DA:72,7
DA:73,0
DA:74,0
DA:75,0
DA:76,0
DA:77,0
DA:78,0
DA:79,0
DA:105,7
DA:109,7
DA:110,0
DA:111,0
DA:112,0
DA:115,7
DA:139,7
DA:140,0
DA:141,0
DA:143,0
DA:144,0
DA:145,0
DA:148,0
DA:151,0
DA:153,0
DA:156,0
DA:157,0
DA:158,0
DA:159,0
DA:174,0
DA:176,0
DA:206,0
DA:224,7
DA:225,0
DA:226,0
DA:227,0
DA:232,7
DA:233,0
DA:234,0
DA:235,0
DA:236,0
DA:238,0
DA:242,0
DA:244,0
DA:253,7
DA:254,0
DA:255,0
DA:256,0
DA:257,0
DA:258,0
DA:263,7
DA:264,0
DA:265,0
DA:267,0
DA:268,0
DA:269,0
DA:271,0
DA:272,0
DA:273,0
DA:274,0
DA:277,0
DA:278,0
DA:279,0
DA:280,0
DA:281,0
DA:285,0
DA:294,0
DA:295,0
DA:297,0
DA:322,0
DA:323,0
DA:324,0
DA:329,7
DA:330,0
DA:331,0
DA:332,0
DA:333,0
DA:334,0
DA:338,0
DA:339,0
DA:340,0
DA:343,0
DA:348,0
DA:349,0
DA:354,7
DA:355,0
DA:356,0
DA:357,0
DA:358,0
DA:359,0
DA:361,0
DA:362,0
DA:370,0
DA:371,0
DA:372,0
DA:373,0
DA:374,0
DA:375,0
DA:378,0
DA:379,0
DA:380,0
DA:382,0
DA:383,0
DA:384,0
DA:385,0
DA:387,0
DA:388,0
LF:120
LH:18
BRDA:42,0,0,0
BRDA:42,0,1,0
BRDA:50,1,0,0
BRDA:50,1,1,0
BRDA:62,2,0,0
BRDA:62,2,1,0
BRDA:64,3,0,0
BRDA:64,3,1,0
BRDA:66,4,0,0
BRDA:66,4,1,0
BRDA:68,5,0,0
BRDA:68,5,1,0
BRDA:73,6,0,0
BRDA:73,6,1,0
BRDA:73,7,0,0
BRDA:73,7,1,0
BRDA:79,8,0,0
BRDA:79,8,1,0
BRDA:110,9,0,0
BRDA:110,9,1,0
BRDA:110,10,0,0
BRDA:110,10,1,0
BRDA:111,11,0,0
BRDA:111,11,1,0
BRDA:121,12,0,0
BRDA:121,12,1,0
BRDA:121,13,0,0
BRDA:121,13,1,0
BRDA:122,14,0,0
BRDA:122,14,1,0
BRDA:122,14,2,0
BRDA:123,15,0,0
BRDA:123,15,1,0
BRDA:123,15,2,0
BRDA:144,16,0,0
BRDA:144,16,1,0
BRDA:148,17,0,0
BRDA:148,17,1,0
BRDA:156,18,0,0
BRDA:156,18,1,0
BRDA:157,19,0,0
BRDA:157,19,1,0
BRDA:157,19,2,0
BRDA:158,20,0,0
BRDA:158,20,1,0
BRDA:158,20,2,0
BRDA:163,21,0,0
BRDA:163,21,1,0
BRDA:167,22,0,0
BRDA:167,22,1,0
BRDA:168,23,0,0
BRDA:168,23,1,0
BRDA:168,24,0,0
BRDA:168,24,1,0
BRDA:168,25,0,0
BRDA:168,25,1,0
BRDA:174,26,0,0
BRDA:174,26,1,0
BRDA:174,26,2,0
BRDA:189,27,0,0
BRDA:189,27,1,0
BRDA:234,28,0,0
BRDA:234,28,1,0
BRDA:235,29,0,0
BRDA:235,29,1,0
BRDA:235,30,0,0
BRDA:235,30,1,0
BRDA:236,31,0,0
BRDA:236,31,1,0
BRDA:236,32,0,0
BRDA:236,32,1,0
BRDA:242,33,0,0
BRDA:242,33,1,0
BRDA:246,34,0,0
BRDA:246,34,1,0
BRDA:255,35,0,0
BRDA:255,35,1,0
BRDA:257,36,0,0
BRDA:257,36,1,0
BRDA:265,37,0,0
BRDA:265,37,1,0
BRDA:268,38,0,0
BRDA:268,38,1,0
BRDA:269,39,0,0
BRDA:269,39,1,0
BRDA:271,40,0,0
BRDA:271,40,1,0
BRDA:272,41,0,0
BRDA:272,41,1,0
BRDA:273,42,0,0
BRDA:273,42,1,0
BRDA:273,43,0,0
BRDA:273,43,1,0
BRDA:277,44,0,0
BRDA:277,44,1,0
BRDA:279,45,0,0
BRDA:279,45,1,0
BRDA:280,46,0,0
BRDA:280,46,1,0
BRDA:285,47,0,0
BRDA:285,47,1,0
BRDA:286,48,0,0
BRDA:286,48,1,0
BRDA:295,49,0,0
BRDA:295,49,1,0
BRDA:307,50,0,0
BRDA:307,50,1,0
BRDA:310,51,0,0
BRDA:310,51,1,0
BRDA:311,52,0,0
BRDA:311,52,1,0
BRDA:312,53,0,0
BRDA:312,53,1,0
BRDA:313,54,0,0
BRDA:313,54,1,0
BRDA:314,55,0,0
BRDA:314,55,1,0
BRDA:315,56,0,0
BRDA:315,56,1,0
BRDA:316,57,0,0
BRDA:316,57,1,0
BRDA:317,58,0,0
BRDA:317,58,1,0
BRDA:322,59,0,0
BRDA:322,59,1,0
BRDA:324,60,0,0
BRDA:324,60,1,0
BRDA:331,61,0,0
BRDA:331,61,1,0
BRDA:334,62,0,0
BRDA:334,62,1,0
BRDA:338,63,0,0
BRDA:338,63,1,0
BRDA:338,63,2,0
BRDA:339,64,0,0
BRDA:339,64,1,0
BRDA:339,65,0,0
BRDA:339,65,1,0
BRDA:349,66,0,0
BRDA:349,66,1,0
BRDA:356,67,0,0
BRDA:356,67,1,0
BRDA:359,68,0,0
BRDA:359,68,1,0
BRDA:363,69,0,0
BRDA:363,69,1,0
BRDA:364,70,0,0
BRDA:364,70,1,0
BRDA:365,71,0,0
BRDA:365,71,1,0
BRDA:366,72,0,0
BRDA:366,72,1,0
BRDA:367,73,0,0
BRDA:367,73,1,0
BRDA:368,74,0,0
BRDA:368,74,1,0
BRDA:373,75,0,0
BRDA:373,75,1,0
BRDA:378,76,0,0
BRDA:378,76,1,0
BRDA:380,77,0,0
BRDA:380,77,1,0
BRDA:382,78,0,0
BRDA:382,78,1,0
BRDA:388,79,0,0
BRDA:388,79,1,0
BRF:166
BRH:0
end_of_record
TN:
SF:src/routes/v1/pogoda.ts
FN:54,(anonymous_0)
FN:83,(anonymous_1)
FN:113,(anonymous_2)
FNF:3
FNH:0
FNDA:0,(anonymous_0)
FNDA:0,(anonymous_1)
FNDA:0,(anonymous_2)
DA:50,7
DA:54,7
DA:55,0
DA:57,0
DA:59,0
DA:60,0
DA:74,0
DA:78,0
DA:83,7
DA:86,0
DA:88,0
DA:89,0
DA:90,0
DA:96,0
DA:100,0
DA:113,7
DA:116,0
DA:117,0
DA:119,0
DA:120,0
DA:123,0
DA:126,0
DA:127,0
LF:23
LH:4
BRDA:57,0,0,0
BRDA:57,0,1,0
BRDA:76,1,0,0
BRDA:76,1,1,0
BRDA:86,2,0,0
BRDA:86,2,1,0
BRDA:88,3,0,0
BRDA:88,3,1,0
BRDA:98,4,0,0
BRDA:98,4,1,0
BRDA:119,5,0,0
BRDA:119,5,1,0
BRF:12
BRH:0
end_of_record
TN:
SF:src/routes/v1/schemas.ts
FN:25,(anonymous_0)
FN:40,(anonymous_1)
FN:43,(anonymous_2)
FNF:3
FNH:0
FNDA:0,(anonymous_0)
FNDA:0,(anonymous_1)
FNDA:0,(anonymous_2)
DA:23,7
DA:25,7
DA:26,0
DA:27,0
DA:40,7
DA:41,0
DA:42,0
DA:43,0
DA:45,0
DA:46,0
DA:50,0
LF:11
LH:3
BRDA:43,0,0,0
BRDA:43,0,1,0
BRDA:43,0,2,0
BRDA:45,1,0,0
BRDA:45,1,1,0
BRF:5
BRH:0
end_of_record
TN:
SF:src/routes/v1/version.ts
FN:8,(anonymous_0)
FNF:1
FNH:0
FNDA:0,(anonymous_0)
DA:4,7
DA:5,7
DA:6,7
DA:8,7
LF:4
LH:4
BRF:0
BRH:0
end_of_record
TN:
SF:src/routes/v1/video-detail.ts
FN:7,(anonymous_0)
FNF:1
FNH:0
FNDA:0,(anonymous_0)
DA:5,7
DA:7,7
DA:8,0
DA:9,0
DA:10,0
DA:11,0
DA:12,0
LF:7
LH:2
BRDA:8,0,0,0
BRDA:8,0,1,0
BRDA:11,1,0,0
BRDA:11,1,1,0
BRF:4
BRH:0
end_of_record
TN:
SF:src/routes/v1/video-list.ts
FN:8,(anonymous_0)
FNF:1
FNH:0
FNDA:0,(anonymous_0)
DA:6,7
DA:8,7
DA:9,0
DA:11,0
DA:12,0
DA:13,0
LF:6
LH:2
BRDA:9,0,0,0
BRDA:9,0,1,0
BRDA:9,1,0,0
BRDA:9,1,1,0
BRDA:11,2,0,0
BRDA:11,2,1,0
BRF:6
BRH:0
end_of_record
TN:
SF:src/routes/v1/video-upload.ts
FN:10,(anonymous_0)
FN:29,(anonymous_1)
FN:30,(anonymous_2)
FN:30,(anonymous_3)
FN:32,(anonymous_4)
FNF:5
FNH:0
FNDA:0,(anonymous_0)
FNDA:0,(anonymous_1)
FNDA:0,(anonymous_2)
FNDA:0,(anonymous_3)
FNDA:0,(anonymous_4)
DA:8,7
DA:10,7
DA:11,0
DA:12,0
DA:13,0
DA:14,0
DA:15,0
DA:16,0
DA:17,0
DA:18,0
DA:19,0
DA:20,0
DA:21,0
DA:26,0
DA:29,7
DA:30,7
DA:32,7
DA:33,0
DA:34,0
LF:19
LH:5
BRDA:13,0,0,0
BRDA:13,0,1,0
BRDA:14,1,0,0
BRDA:14,1,1,0
BRDA:16,2,0,0
BRDA:16,2,1,0
BRDA:20,3,0,0
BRDA:20,3,1,0
BRDA:23,4,0,0
BRDA:23,4,1,0
BRDA:23,5,0,0
BRDA:23,5,1,0
BRDA:23,6,0,0
BRDA:23,6,1,0
BRDA:33,7,0,0
BRDA:33,7,1,0
BRF:16
BRH:0
end_of_record
TN:
SF:src/types/cloudflare.ts
FNF:0
FNH:0
LF:0
LH:0
BRF:0
BRH:0
end_of_record
TN:
SF:src/types/env.ts
FNF:0
FNH:0
LF:0
LH:0
BRF:0
BRH:0
end_of_record
TN:
SF:src/types/renderer.d.ts
FNF:0
FNH:0
LF:0
LH:0
BRF:0
BRH:0
end_of_record
TN:
SF:src/v4/content-db.ts
FN:46,art
FN:1326,(anonymous_1)
FN:1331,(anonymous_2)
FN:1331,(anonymous_3)
FN:1333,(anonymous_4)
FN:1336,findArticleV4
FN:1343,(anonymous_6)
FN:1359,slot
FN:1368,(anonymous_8)
FN:1368,(anonymous_9)
FN:1371,(anonymous_10)
FN:1377,byCategory
FN:1378,(anonymous_12)
FN:1381,bySubcategory
FN:1383,(anonymous_14)
FN:1387,byThirdLevel
FN:1389,(anonymous_16)
FN:1393,byType
FN:1394,(anonymous_18)
FN:1397,latest
FN:1401,featured
FN:1402,(anonymous_21)
FN:1405,incidents
FN:1406,(anonymous_23)
FN:1409,mostRead
FN:1410,(anonymous_25)
FN:1413,byTag
FN:1415,(anonymous_27)
FN:1415,(anonymous_28)
FN:1418,bySolectwo
FN:1419,(anonymous_30)
FN:1422,relatedArticles
FN:1424,(anonymous_32)
FN:1425,(anonymous_33)
FN:1429,(anonymous_34)
FN:1432,(anonymous_35)
FN:1433,(anonymous_36)
FN:1435,(anonymous_37)
FN:1438,searchV4
FN:1442,(anonymous_39)
FN:1454,allGalleries
FN:1459,findGallery
FN:1460,(anonymous_42)
FN:1464,tickerItems
FN:1465,(anonymous_44)
FNF:45
FNH:1
FNDA:406,art
FNDA:0,(anonymous_1)
FNDA:0,(anonymous_2)
FNDA:0,(anonymous_3)
FNDA:0,(anonymous_4)
FNDA:0,findArticleV4
FNDA:0,(anonymous_6)
FNDA:0,slot
FNDA:0,(anonymous_8)
FNDA:0,(anonymous_9)
FNDA:0,(anonymous_10)
FNDA:0,byCategory
FNDA:0,(anonymous_12)
FNDA:0,bySubcategory
FNDA:0,(anonymous_14)
FNDA:0,byThirdLevel
FNDA:0,(anonymous_16)
FNDA:0,byType
FNDA:0,(anonymous_18)
FNDA:0,latest
FNDA:0,featured
FNDA:0,(anonymous_21)
FNDA:0,incidents
FNDA:0,(anonymous_23)
FNDA:0,mostRead
FNDA:0,(anonymous_25)
FNDA:0,byTag
FNDA:0,(anonymous_27)
FNDA:0,(anonymous_28)
FNDA:0,bySolectwo
FNDA:0,(anonymous_30)
FNDA:0,relatedArticles
FNDA:0,(anonymous_32)
FNDA:0,(anonymous_33)
FNDA:0,(anonymous_34)
FNDA:0,(anonymous_35)
FNDA:0,(anonymous_36)
FNDA:0,(anonymous_37)
FNDA:0,searchV4
FNDA:0,(anonymous_39)
FNDA:0,allGalleries
FNDA:0,findGallery
FNDA:0,(anonymous_42)
FNDA:0,tickerItems
FNDA:0,(anonymous_44)
DA:10,7
DA:13,7
DA:43,7
DA:47,406
DA:66,7
DA:1227,7
DA:1278,7
DA:1326,7
DA:1327,0
DA:1328,0
DA:1331,7
DA:1333,7
DA:1334,0
DA:1337,0
DA:1340,0
DA:1341,0
DA:1342,0
DA:1343,0
DA:1360,0
DA:1361,0
DA:1362,0
DA:1363,0
DA:1364,0
DA:1367,0
DA:1368,0
DA:1370,0
DA:1371,0
DA:1373,0
DA:1374,0
DA:1378,0
DA:1382,0
DA:1383,0
DA:1388,0
DA:1389,0
DA:1394,0
DA:1398,0
DA:1402,0
DA:1406,0
DA:1410,0
DA:1414,0
DA:1415,0
DA:1419,0
DA:1423,0
DA:1424,0
DA:1426,0
DA:1427,0
DA:1428,0
DA:1429,0
DA:1430,0
DA:1432,0
DA:1433,0
DA:1435,0
DA:1439,0
DA:1440,0
DA:1441,0
DA:1443,0
DA:1455,0
DA:1456,0
DA:1460,0
DA:1465,0
LF:60
LH:10
BRDA:48,0,0,406
BRDA:48,0,1,406
BRDA:49,1,0,406
BRDA:49,1,1,238
BRDA:50,2,0,406
BRDA:50,2,1,406
BRDA:51,3,0,406
BRDA:51,3,1,0
BRDA:52,4,0,406
BRDA:52,4,1,0
BRDA:53,5,0,406
BRDA:53,5,1,0
BRDA:54,6,0,406
BRDA:54,6,1,0
BRDA:55,7,0,406
BRDA:55,7,1,322
BRDA:56,8,0,406
BRDA:56,8,1,0
BRDA:57,9,0,406
BRDA:57,9,1,259
BRDA:58,10,0,406
BRDA:58,10,1,0
BRDA:1328,11,0,0
BRDA:1328,11,1,0
BRDA:1341,12,0,0
BRDA:1341,12,1,0
BRDA:1342,13,0,0
BRDA:1342,13,1,0
BRDA:1359,14,0,0
BRDA:1362,15,0,0
BRDA:1362,15,1,0
BRDA:1362,16,0,0
BRDA:1362,16,1,0
BRDA:1362,16,2,0
BRDA:1370,17,0,0
BRDA:1370,17,1,0
BRDA:1371,18,0,0
BRDA:1371,18,1,0
BRDA:1373,19,0,0
BRDA:1373,19,1,0
BRDA:1383,20,0,0
BRDA:1383,20,1,0
BRDA:1389,21,0,0
BRDA:1389,21,1,0
BRDA:1389,21,2,0
BRDA:1397,22,0,0
BRDA:1401,23,0,0
BRDA:1405,24,0,0
BRDA:1409,25,0,0
BRDA:1422,26,0,0
BRDA:1427,27,0,0
BRDA:1427,27,1,0
BRDA:1428,28,0,0
BRDA:1428,28,1,0
BRDA:1428,29,0,0
BRDA:1428,29,1,0
BRDA:1433,30,0,0
BRDA:1433,30,1,0
BRDA:1440,31,0,0
BRDA:1440,31,1,0
BRDA:1443,32,0,0
BRDA:1443,32,1,0
BRDA:1456,33,0,0
BRDA:1456,33,1,0
BRDA:1460,34,0,0
BRDA:1460,34,1,0
BRDA:1466,35,0,0
BRDA:1466,35,1,0
BRF:68
BRH:16
end_of_record
TN:
SF:src/v4/content-source.ts
FN:130,(anonymous_0)
FN:144,(anonymous_1)
FN:151,(anonymous_2)
FN:165,(anonymous_3)
FN:175,(anonymous_4)
FN:185,(anonymous_5)
FN:215,(anonymous_6)
FN:247,(anonymous_7)
FN:250,(anonymous_8)
FN:271,(anonymous_9)
FN:275,(anonymous_10)
FN:288,(anonymous_11)
FN:298,(anonymous_12)
FN:407,(anonymous_13)
FN:409,(anonymous_14)
FN:410,(anonymous_15)
FN:438,(anonymous_16)
FN:472,(anonymous_17)
FN:473,(anonymous_18)
FN:474,(anonymous_19)
FN:486,(anonymous_20)
FNF:21
FNH:3
FNDA:1,(anonymous_0)
FNDA:66,(anonymous_1)
FNDA:0,(anonymous_2)
FNDA:0,(anonymous_3)
FNDA:0,(anonymous_4)
FNDA:0,(anonymous_5)
FNDA:0,(anonymous_6)
FNDA:0,(anonymous_7)
FNDA:0,(anonymous_8)
FNDA:0,(anonymous_9)
FNDA:0,(anonymous_10)
FNDA:0,(anonymous_11)
FNDA:0,(anonymous_12)
FNDA:0,(anonymous_13)
FNDA:0,(anonymous_14)
FNDA:0,(anonymous_15)
FNDA:66,(anonymous_16)
FNDA:0,(anonymous_17)
FNDA:0,(anonymous_18)
FNDA:0,(anonymous_19)
FNDA:0,(anonymous_20)
DA:39,7
DA:130,7
DA:142,7
DA:144,66
DA:151,7
DA:155,7
DA:165,7
DA:166,0
DA:167,0
DA:168,0
DA:169,0
DA:170,0
DA:171,0
DA:175,7
DA:176,0
DA:177,0
DA:178,0
DA:185,7
DA:186,0
DA:187,0
DA:188,0
DA:191,7
DA:201,7
DA:215,7
DA:216,0
DA:217,0
DA:218,0
DA:246,7
DA:247,7
DA:248,0
DA:250,7
DA:251,0
DA:252,0
DA:253,0
DA:263,7
DA:271,7
DA:275,7
DA:276,0
DA:277,0
DA:278,0
DA:279,0
DA:280,0
DA:282,0
DA:285,0
DA:288,7
DA:289,0
DA:290,0
DA:291,0
DA:292,0
DA:294,0
DA:298,7
DA:299,0
DA:300,0
DA:301,0
DA:303,0
DA:335,0
DA:336,0
DA:337,0
DA:338,0
DA:339,0
DA:340,0
DA:341,0
DA:343,0
DA:348,7
DA:371,7
DA:383,7
DA:395,7
DA:407,7
DA:408,0
DA:409,0
DA:410,0
DA:416,0
DA:438,7
DA:439,66
DA:440,66
DA:441,1
DA:442,1
DA:445,65
DA:446,65
DA:453,65
DA:454,66
DA:455,66
DA:456,66
DA:458,66
DA:459,66
DA:460,0
DA:461,0
DA:462,0
DA:465,65
DA:466,65
DA:467,0
DA:468,0
DA:469,0
DA:472,65
DA:473,65
DA:474,65
DA:476,65
DA:480,0
DA:481,0
DA:486,7
DA:487,0
DA:488,0
DA:490,0
DA:491,0
DA:495,0
DA:497,0
DA:502,0
DA:504,0
DA:505,0
LF:109
LH:45
BRDA:151,0,0,0
BRDA:151,0,1,0
BRDA:166,1,0,0
BRDA:166,1,1,0
BRDA:168,2,0,0
BRDA:168,2,1,0
BRDA:170,3,0,0
BRDA:170,3,1,0
BRDA:176,4,0,0
BRDA:176,4,1,0
BRDA:178,5,0,0
BRDA:178,5,1,0
BRDA:186,6,0,0
BRDA:186,6,1,0
BRDA:187,7,0,0
BRDA:187,7,1,0
BRDA:187,8,0,0
BRDA:187,8,1,0
BRDA:187,8,2,0
BRDA:216,9,0,0
BRDA:216,9,1,0
BRDA:217,10,0,0
BRDA:217,10,1,0
BRDA:218,11,0,0
BRDA:218,11,1,0
BRDA:248,12,0,0
BRDA:248,12,1,0
BRDA:251,13,0,0
BRDA:251,13,1,0
BRDA:252,14,0,0
BRDA:252,14,1,0
BRDA:256,15,0,0
BRDA:256,15,1,0
BRDA:257,16,0,0
BRDA:257,16,1,0
BRDA:258,17,0,0
BRDA:258,17,1,0
BRDA:271,18,0,0
BRDA:271,18,1,0
BRDA:280,19,0,0
BRDA:280,19,1,0
BRDA:280,20,0,0
BRDA:280,20,1,0
BRDA:280,20,2,0
BRDA:289,21,0,0
BRDA:289,21,1,0
BRDA:292,22,0,0
BRDA:292,22,1,0
BRDA:292,23,0,0
BRDA:292,23,1,0
BRDA:300,24,0,0
BRDA:300,24,1,0
BRDA:310,25,0,0
BRDA:310,25,1,0
BRDA:312,26,0,0
BRDA:312,26,1,0
BRDA:313,27,0,0
BRDA:313,27,1,0
BRDA:316,28,0,0
BRDA:316,28,1,0
BRDA:317,29,0,0
BRDA:317,29,1,0
BRDA:318,30,0,0
BRDA:318,30,1,0
BRDA:322,31,0,0
BRDA:322,31,1,0
BRDA:323,32,0,0
BRDA:323,32,1,0
BRDA:324,33,0,0
BRDA:324,33,1,0
BRDA:325,34,0,0
BRDA:325,34,1,0
BRDA:326,35,0,0
BRDA:326,35,1,0
BRDA:327,36,0,0
BRDA:327,36,1,0
BRDA:335,37,0,0
BRDA:335,37,1,0
BRDA:336,38,0,0
BRDA:336,38,1,0
BRDA:337,39,0,0
BRDA:337,39,1,0
BRDA:338,40,0,0
BRDA:338,40,1,0
BRDA:339,41,0,0
BRDA:339,41,1,0
BRDA:340,42,0,0
BRDA:340,42,1,0
BRDA:341,43,0,0
BRDA:341,43,1,0
BRDA:411,44,0,0
BRDA:411,44,1,0
BRDA:412,45,0,0
BRDA:412,45,1,0
BRDA:413,46,0,0
BRDA:413,46,1,0
BRDA:414,47,0,0
BRDA:414,47,1,0
BRDA:423,48,0,0
BRDA:423,48,1,0
BRDA:424,49,0,0
BRDA:424,49,1,0
BRDA:424,49,2,0
BRDA:425,50,0,0
BRDA:425,50,1,0
BRDA:428,51,0,0
BRDA:428,51,1,0
BRDA:440,52,0,1
BRDA:440,52,1,65
BRDA:453,53,0,65
BRDA:453,53,1,65
BRDA:454,54,0,66
BRDA:454,54,1,65
BRDA:455,55,0,66
BRDA:455,55,1,65
BRDA:456,56,0,66
BRDA:456,56,1,65
BRDA:461,57,0,0
BRDA:461,57,1,0
BRDA:468,58,0,0
BRDA:468,58,1,0
BRDA:472,59,0,0
BRDA:472,59,1,0
BRDA:474,60,0,0
BRDA:474,60,1,0
BRDA:488,61,0,0
BRDA:488,61,1,0
BRDA:495,62,0,0
BRDA:495,62,1,0
BRDA:502,63,0,0
BRDA:502,63,1,0
BRF:131
BRH:10
end_of_record
TN:
SF:src/v4/content-types.ts
FN:170,toCard
FN:191,articleUrl
FN:197,formatViews
FN:201,durationLabel
FNF:4
FNH:1
FNDA:0,toCard
FNDA:28,articleUrl
FNDA:0,formatViews
FNDA:0,durationLabel
DA:171,0
DA:192,28
DA:198,0
DA:202,0
DA:203,0
DA:204,0
LF:6
LH:1
BRDA:192,0,0,1
BRDA:192,0,1,27
BRF:2
BRH:2
end_of_record
TN:
SF:src/v4/gmina-fakty.ts
FN:96,(anonymous_0)
FNF:1
FNH:0
FNDA:0,(anonymous_0)
DA:42,7
DA:96,7
LF:2
LH:2
BRF:0
BRH:0
end_of_record
TN:
SF:src/v4/instytucje.ts
FN:267,(anonymous_0)
FNF:1
FNH:0
FNDA:0,(anonymous_0)
DA:78,7
DA:79,7
DA:81,7
DA:257,7
DA:267,7
DA:269,0
DA:270,0
LF:7
LH:5
BRF:0
BRH:0
end_of_record
TN:
SF:src/v4/mapowanie-kategorii.ts
FN:93,(anonymous_0)
FN:136,(anonymous_1)
FN:148,(anonymous_2)
FN:162,(anonymous_3)
FNF:4
FNH:4
FNDA:40,(anonymous_0)
FNDA:216,(anonymous_1)
FNDA:5,(anonymous_2)
FNDA:13,(anonymous_3)
DA:52,8
DA:93,8
DA:97,40
DA:98,40
DA:99,40
DA:101,40
DA:103,40
DA:105,40
DA:134,8
DA:137,216
DA:138,216
DA:148,8
DA:149,5
DA:150,5
DA:152,2
DA:162,8
DA:167,13
DA:168,13
LF:18
LH:18
BRDA:97,0,0,40
BRDA:97,0,1,2
BRDA:97,1,0,40
BRDA:97,1,1,1
BRDA:99,2,0,40
BRDA:99,2,1,0
BRDA:101,3,0,40
BRDA:101,3,1,34
BRDA:103,4,0,20
BRDA:103,4,1,20
BRDA:103,5,0,40
BRDA:103,5,1,23
BRDA:107,6,0,20
BRDA:107,6,1,20
BRDA:107,7,0,40
BRDA:107,7,1,20
BRDA:150,8,0,3
BRDA:150,8,1,2
BRDA:150,9,0,5
BRDA:150,9,1,3
BRDA:168,10,0,6
BRDA:168,10,1,7
BRF:22
BRH:21
end_of_record
TN:
SF:src/v4/taxonomy.ts
FN:33,(anonymous_0)
FN:384,(anonymous_1)
FN:387,(anonymous_2)
FN:389,findCategory
FN:393,findSubcategory
FN:399,(anonymous_5)
FN:404,findThirdLevel
FN:411,(anonymous_7)
FN:417,allTaxonomyPaths
FNF:9
FNH:6
FNDA:913,(anonymous_0)
FNDA:121,(anonymous_1)
FNDA:121,(anonymous_2)
FNDA:98,findCategory
FNDA:57,findSubcategory
FNDA:204,(anonymous_5)
FNDA:0,findThirdLevel
FNDA:0,(anonymous_7)
FNDA:0,allTaxonomyPaths
DA:33,11
DA:39,913
DA:47,11
DA:324,11
DA:383,11
DA:384,121
DA:387,121
DA:390,98
DA:397,57
DA:398,57
DA:399,204
DA:400,57
DA:401,54
DA:409,0
DA:410,0
DA:411,0
DA:412,0
DA:413,0
DA:418,0
DA:419,0
DA:420,0
DA:421,0
DA:422,0
DA:423,0
DA:426,0
LF:25
LH:13
BRDA:398,0,0,0
BRDA:398,0,1,57
BRDA:400,1,0,3
BRDA:400,1,1,54
BRDA:410,2,0,0
BRDA:410,2,1,0
BRDA:412,3,0,0
BRDA:412,3,1,0
BRDA:423,4,0,0
BRDA:423,4,1,0
BRF:10
BRH:3
end_of_record
